13:26:21.115 [main] INFO  - Login failure
13:26:25.488 [main] DEBUG - Parsing relationship: /xl/_rels/workbook.xml.rels
13:26:25.489 [main] DEBUG - Parsing relationship: /xl/worksheets/_rels/sheet1.xml.rels
13:26:25.489 [main] DEBUG - Parsing relationship: /xl/worksheets/_rels/sheet2.xml.rels
13:26:25.489 [main] DEBUG - Parsing relationship: /_rels/.rels
13:26:25.500 [main] DEBUG - using default POIXMLDocumentPart for http://schemas.openxmlformats.org/officeDocument/2006/relationships/printerSettings
13:26:25.508 [main] INFO  - Entering email and password.. 
13:26:31.866 [main] INFO  - Login failure
13:26:36.177 [main] DEBUG - Parsing relationship: /xl/_rels/workbook.xml.rels
13:26:36.178 [main] DEBUG - Parsing relationship: /xl/worksheets/_rels/sheet1.xml.rels
13:26:36.178 [main] DEBUG - Parsing relationship: /xl/worksheets/_rels/sheet2.xml.rels
13:26:36.179 [main] DEBUG - Parsing relationship: /_rels/.rels
13:26:36.184 [main] DEBUG - using default POIXMLDocumentPart for http://schemas.openxmlformats.org/officeDocument/2006/relationships/printerSettings
13:26:36.193 [main] INFO  - Entering email and password.. 
13:26:42.762 [main] INFO  - Login failure
13:28:28.516 [main] DEBUG - Parsing relationship: /xl/_rels/workbook.xml.rels
13:28:28.519 [main] DEBUG - Parsing relationship: /xl/worksheets/_rels/sheet1.xml.rels
13:28:28.520 [main] DEBUG - Parsing relationship: /xl/worksheets/_rels/sheet2.xml.rels
13:28:28.520 [main] DEBUG - Parsing relationship: /_rels/.rels
13:28:28.594 [main] TRACE - Loading type system org.apache.poi.schemas.ooxml.system.ooxml
13:28:28.596 [main] TRACE - Loading type system org.apache.xmlbeans.metadata.system.sXMLCONFIG
13:28:28.597 [main] TRACE - Loading type system org.apache.xmlbeans.metadata.system.sXMLLANG
13:28:28.597 [main] TRACE - Loading type system org.apache.xmlbeans.metadata.system.sXMLSCHEMA
13:28:28.597 [main] TRACE - Loading type system org.apache.xmlbeans.metadata.system.sXMLTOOLS
13:28:28.597 [main] TRACE - Reading unresolved handles for type system org.apache.xmlbeans.metadata.system.sXMLTOOLS
13:28:28.605 [main] TRACE - Finished loading type system org.apache.xmlbeans.metadata.system.sXMLTOOLS
13:28:28.605 [main] TRACE - Reading unresolved handles for type system org.apache.xmlbeans.metadata.system.sXMLSCHEMA
13:28:28.609 [main] TRACE - Finished loading type system org.apache.xmlbeans.metadata.system.sXMLSCHEMA
13:28:28.610 [main] TRACE - Reading unresolved handles for type system org.apache.xmlbeans.metadata.system.sXMLLANG
13:28:28.610 [main] TRACE - Finished loading type system org.apache.xmlbeans.metadata.system.sXMLLANG
13:28:28.610 [main] TRACE - Reading unresolved handles for type system org.apache.xmlbeans.metadata.system.sXMLCONFIG
13:28:28.611 [main] TRACE - Finished loading type system org.apache.xmlbeans.metadata.system.sXMLCONFIG
13:28:28.611 [main] TRACE - Reading unresolved handles for type system org.apache.poi.schemas.ooxml.system.ooxml
13:28:28.642 [main] TRACE - Finished loading type system org.apache.poi.schemas.ooxml.system.ooxml
13:28:28.642 [main] TRACE - Resolving type for handle themefd26doctype
13:28:28.673 [main] TRACE - Resolving type for handle stylesheet5d8bdoctype
13:28:28.675 [main] TRACE - Resolving type for handle ctstylesheet4257type
13:28:28.677 [main] TRACE - Resolving type for handle ctfonts6623type
13:28:28.678 [main] TRACE - Resolving type for handle ctfont14d8type
13:28:28.681 [main] TRACE - Resolving type for handle ctfills2c6ftype
13:28:28.682 [main] TRACE - Resolving type for handle ctfill550ctype
13:28:28.682 [main] TRACE - Resolving type for handle ctborders0d66type
13:28:28.684 [main] TRACE - Resolving type for handle ctborderf935type
13:28:28.685 [main] TRACE - Resolving type for handle ctcellxfs1322type
13:28:28.686 [main] TRACE - Resolving type for handle ctxf97f7type
13:28:28.687 [main] TRACE - Resolving type for handle ctcellstylexfsa81ftype
13:28:28.688 [main] TRACE - Resolving type for handle ctdxfsb26atype
13:28:28.689 [main] TRACE - Resolving type for handle cttablestyles872ftype
13:28:28.690 [main] TRACE - Resolving type for handle sstf81fdoctype
13:28:28.692 [main] TRACE - Resolving type for handle ctsst44f3type
13:28:28.699 [main] TRACE - Resolving type for handle ctrsta472type
13:28:28.710 [main] DEBUG - using default POIXMLDocumentPart for http://schemas.openxmlformats.org/officeDocument/2006/relationships/printerSettings
13:28:28.711 [main] TRACE - Resolving type for handle workbookec17doctype
13:28:28.714 [main] TRACE - Resolving type for handle ctworkbook83c3type
13:28:28.718 [main] TRACE - Resolving type for handle ctsheets49fdtype
13:28:28.719 [main] TRACE - Resolving type for handle ctsheet4dbetype
13:28:28.719 [main] TRACE - Resolving type for handle strelationshipid1e94type
13:28:28.720 [main] TRACE - Resolving type for handle worksheetf539doctype
13:28:28.723 [main] TRACE - Resolving type for handle ctworksheet530dtype
13:28:28.727 [main] TRACE - Resolving type for handle ctsheetdata8408type
13:28:28.728 [main] TRACE - Resolving type for handle ctrowdd39type
13:28:28.732 [main] TRACE - Resolving type for handle ctcell842btype
13:28:28.736 [main] TRACE - Resolving type for handle stcellrefe4e0type
13:28:28.742 [main] TRACE - Resolving type for handle ctcols627ctype
13:28:28.746 [main] TRACE - Resolving type for handle ctcola95ftype
13:28:28.756 [main] TRACE - Resolving type for handle cthyperlinks6416type
13:28:28.757 [main] TRACE - Resolving type for handle cthyperlink0c85type
13:28:28.766 [main] TRACE - Resolving type for handle stxstringf179type
13:28:28.767 [main] TRACE - Resolving type for handle stcelltypebf95type
13:28:28.781 [main] INFO  - Entering email and password.. 
13:28:34.594 [main] INFO  - Logged in successfully
13:28:37.983 [main] DEBUG - Parsing relationship: /xl/_rels/workbook.xml.rels
13:28:37.985 [main] DEBUG - Parsing relationship: /xl/worksheets/_rels/sheet1.xml.rels
13:28:37.987 [main] DEBUG - Parsing relationship: /xl/worksheets/_rels/sheet2.xml.rels
13:28:37.988 [main] DEBUG - Parsing relationship: /_rels/.rels
13:28:38.010 [main] DEBUG - using default POIXMLDocumentPart for http://schemas.openxmlformats.org/officeDocument/2006/relationships/printerSettings
13:28:38.046 [main] INFO  - Entering email and password.. 
13:28:44.424 [main] INFO  - Login failure
13:28:47.851 [main] DEBUG - Parsing relationship: /xl/_rels/workbook.xml.rels
13:28:47.852 [main] DEBUG - Parsing relationship: /xl/worksheets/_rels/sheet1.xml.rels
13:28:47.853 [main] DEBUG - Parsing relationship: /xl/worksheets/_rels/sheet2.xml.rels
13:28:47.853 [main] DEBUG - Parsing relationship: /_rels/.rels
13:28:47.865 [main] DEBUG - using default POIXMLDocumentPart for http://schemas.openxmlformats.org/officeDocument/2006/relationships/printerSettings
13:28:47.874 [main] INFO  - Entering email and password.. 
13:28:54.281 [main] INFO  - Login failure
13:28:57.507 [main] DEBUG - Parsing relationship: /xl/_rels/workbook.xml.rels
13:28:57.507 [main] DEBUG - Parsing relationship: /xl/worksheets/_rels/sheet1.xml.rels
13:28:57.508 [main] DEBUG - Parsing relationship: /xl/worksheets/_rels/sheet2.xml.rels
13:28:57.508 [main] DEBUG - Parsing relationship: /_rels/.rels
13:28:57.517 [main] DEBUG - using default POIXMLDocumentPart for http://schemas.openxmlformats.org/officeDocument/2006/relationships/printerSettings
13:28:57.527 [main] INFO  - Entering email and password.. 
13:29:04.004 [main] INFO  - Login failure
13:32:05.827 [main] DEBUG - Parsing relationship: /xl/_rels/workbook.xml.rels
13:32:05.831 [main] DEBUG - Parsing relationship: /xl/worksheets/_rels/sheet1.xml.rels
13:32:05.832 [main] DEBUG - Parsing relationship: /xl/worksheets/_rels/sheet2.xml.rels
13:32:05.833 [main] DEBUG - Parsing relationship: /_rels/.rels
13:32:05.947 [main] TRACE - Loading type system org.apache.poi.schemas.ooxml.system.ooxml
13:32:05.949 [main] TRACE - Loading type system org.apache.xmlbeans.metadata.system.sXMLCONFIG
13:32:05.950 [main] TRACE - Loading type system org.apache.xmlbeans.metadata.system.sXMLLANG
13:32:05.950 [main] TRACE - Loading type system org.apache.xmlbeans.metadata.system.sXMLSCHEMA
13:32:05.951 [main] TRACE - Loading type system org.apache.xmlbeans.metadata.system.sXMLTOOLS
13:32:05.952 [main] TRACE - Reading unresolved handles for type system org.apache.xmlbeans.metadata.system.sXMLTOOLS
13:32:05.967 [main] TRACE - Finished loading type system org.apache.xmlbeans.metadata.system.sXMLTOOLS
13:32:05.967 [main] TRACE - Reading unresolved handles for type system org.apache.xmlbeans.metadata.system.sXMLSCHEMA
13:32:05.969 [main] TRACE - Finished loading type system org.apache.xmlbeans.metadata.system.sXMLSCHEMA
13:32:05.970 [main] TRACE - Reading unresolved handles for type system org.apache.xmlbeans.metadata.system.sXMLLANG
13:32:05.970 [main] TRACE - Finished loading type system org.apache.xmlbeans.metadata.system.sXMLLANG
13:32:05.971 [main] TRACE - Reading unresolved handles for type system org.apache.xmlbeans.metadata.system.sXMLCONFIG
13:32:05.972 [main] TRACE - Finished loading type system org.apache.xmlbeans.metadata.system.sXMLCONFIG
13:32:05.973 [main] TRACE - Reading unresolved handles for type system org.apache.poi.schemas.ooxml.system.ooxml
13:32:06.010 [main] TRACE - Finished loading type system org.apache.poi.schemas.ooxml.system.ooxml
13:32:06.010 [main] TRACE - Resolving type for handle themefd26doctype
13:32:06.060 [main] TRACE - Resolving type for handle stylesheet5d8bdoctype
13:32:06.066 [main] TRACE - Resolving type for handle ctstylesheet4257type
13:32:06.069 [main] TRACE - Resolving type for handle ctfonts6623type
13:32:06.070 [main] TRACE - Resolving type for handle ctfont14d8type
13:32:06.075 [main] TRACE - Resolving type for handle ctfills2c6ftype
13:32:06.076 [main] TRACE - Resolving type for handle ctfill550ctype
13:32:06.077 [main] TRACE - Resolving type for handle ctborders0d66type
13:32:06.078 [main] TRACE - Resolving type for handle ctborderf935type
13:32:06.093 [main] TRACE - Resolving type for handle ctcellxfs1322type
13:32:06.095 [main] TRACE - Resolving type for handle ctxf97f7type
13:32:06.097 [main] TRACE - Resolving type for handle ctcellstylexfsa81ftype
13:32:06.098 [main] TRACE - Resolving type for handle ctdxfsb26atype
13:32:06.099 [main] TRACE - Resolving type for handle cttablestyles872ftype
13:32:06.101 [main] TRACE - Resolving type for handle sstf81fdoctype
13:32:06.107 [main] TRACE - Resolving type for handle ctsst44f3type
13:32:06.122 [main] TRACE - Resolving type for handle ctrsta472type
13:32:06.135 [main] DEBUG - using default POIXMLDocumentPart for http://schemas.openxmlformats.org/officeDocument/2006/relationships/printerSettings
13:32:06.136 [main] TRACE - Resolving type for handle workbookec17doctype
13:32:06.139 [main] TRACE - Resolving type for handle ctworkbook83c3type
13:32:06.147 [main] TRACE - Resolving type for handle ctsheets49fdtype
13:32:06.148 [main] TRACE - Resolving type for handle ctsheet4dbetype
13:32:06.149 [main] TRACE - Resolving type for handle strelationshipid1e94type
13:32:06.150 [main] TRACE - Resolving type for handle worksheetf539doctype
13:32:06.154 [main] TRACE - Resolving type for handle ctworksheet530dtype
13:32:06.157 [main] TRACE - Resolving type for handle ctsheetdata8408type
13:32:06.159 [main] TRACE - Resolving type for handle ctrowdd39type
13:32:06.162 [main] TRACE - Resolving type for handle ctcell842btype
13:32:06.165 [main] TRACE - Resolving type for handle stcellrefe4e0type
13:32:06.170 [main] TRACE - Resolving type for handle ctcols627ctype
13:32:06.172 [main] TRACE - Resolving type for handle ctcola95ftype
13:32:06.182 [main] TRACE - Resolving type for handle cthyperlinks6416type
13:32:06.184 [main] TRACE - Resolving type for handle cthyperlink0c85type
13:32:06.194 [main] TRACE - Resolving type for handle stxstringf179type
13:32:06.195 [main] TRACE - Resolving type for handle stcelltypebf95type
13:32:06.214 [main] INFO  - Entering email and password.. 
13:32:11.865 [main] INFO  - Logged in successfully
13:32:15.308 [main] DEBUG - Parsing relationship: /xl/_rels/workbook.xml.rels
13:32:15.309 [main] DEBUG - Parsing relationship: /xl/worksheets/_rels/sheet1.xml.rels
13:32:15.310 [main] DEBUG - Parsing relationship: /xl/worksheets/_rels/sheet2.xml.rels
13:32:15.311 [main] DEBUG - Parsing relationship: /_rels/.rels
13:32:15.329 [main] DEBUG - using default POIXMLDocumentPart for http://schemas.openxmlformats.org/officeDocument/2006/relationships/printerSettings
13:32:15.349 [main] INFO  - Entering email and password.. 
13:32:21.696 [main] INFO  - Login failure
13:32:25.143 [main] DEBUG - Parsing relationship: /xl/_rels/workbook.xml.rels
13:32:25.144 [main] DEBUG - Parsing relationship: /xl/worksheets/_rels/sheet1.xml.rels
13:32:25.144 [main] DEBUG - Parsing relationship: /xl/worksheets/_rels/sheet2.xml.rels
13:32:25.145 [main] DEBUG - Parsing relationship: /_rels/.rels
13:32:25.158 [main] DEBUG - using default POIXMLDocumentPart for http://schemas.openxmlformats.org/officeDocument/2006/relationships/printerSettings
13:32:25.169 [main] INFO  - Entering email and password.. 
13:32:31.575 [main] INFO  - Login failure
13:32:34.985 [main] DEBUG - Parsing relationship: /xl/_rels/workbook.xml.rels
13:32:34.986 [main] DEBUG - Parsing relationship: /xl/worksheets/_rels/sheet1.xml.rels
13:32:34.987 [main] DEBUG - Parsing relationship: /xl/worksheets/_rels/sheet2.xml.rels
13:32:34.988 [main] DEBUG - Parsing relationship: /_rels/.rels
13:32:34.999 [main] DEBUG - using default POIXMLDocumentPart for http://schemas.openxmlformats.org/officeDocument/2006/relationships/printerSettings
13:32:35.010 [main] INFO  - Entering email and password.. 
13:32:41.390 [main] INFO  - Login failure
13:38:31.645 [main] INFO  - Entering email and password.. 
13:38:33.000 [main] INFO  - clicked on login button...
13:38:38.056 [main] INFO  - logged in successfully
13:38:39.346 [main] DEBUG - Parsing relationship: /xl/_rels/workbook.xml.rels
13:38:39.346 [main] DEBUG - Parsing relationship: /xl/worksheets/_rels/sheet1.xml.rels
13:38:39.346 [main] DEBUG - Parsing relationship: /xl/worksheets/_rels/sheet2.xml.rels
13:38:39.362 [main] DEBUG - Parsing relationship: /_rels/.rels
13:38:39.581 [main] TRACE - Loading type system org.apache.poi.schemas.ooxml.system.ooxml
13:38:39.585 [main] TRACE - Loading type system org.apache.xmlbeans.metadata.system.sXMLCONFIG
13:38:39.586 [main] TRACE - Loading type system org.apache.xmlbeans.metadata.system.sXMLLANG
13:38:39.587 [main] TRACE - Loading type system org.apache.xmlbeans.metadata.system.sXMLSCHEMA
13:38:39.587 [main] TRACE - Loading type system org.apache.xmlbeans.metadata.system.sXMLTOOLS
13:38:39.589 [main] TRACE - Reading unresolved handles for type system org.apache.xmlbeans.metadata.system.sXMLTOOLS
13:38:39.596 [main] TRACE - Finished loading type system org.apache.xmlbeans.metadata.system.sXMLTOOLS
13:38:39.596 [main] TRACE - Reading unresolved handles for type system org.apache.xmlbeans.metadata.system.sXMLSCHEMA
13:38:39.619 [main] TRACE - Finished loading type system org.apache.xmlbeans.metadata.system.sXMLSCHEMA
13:38:39.621 [main] TRACE - Reading unresolved handles for type system org.apache.xmlbeans.metadata.system.sXMLLANG
13:38:39.622 [main] TRACE - Finished loading type system org.apache.xmlbeans.metadata.system.sXMLLANG
13:38:39.624 [main] TRACE - Reading unresolved handles for type system org.apache.xmlbeans.metadata.system.sXMLCONFIG
13:38:39.625 [main] TRACE - Finished loading type system org.apache.xmlbeans.metadata.system.sXMLCONFIG
13:38:39.626 [main] TRACE - Reading unresolved handles for type system org.apache.poi.schemas.ooxml.system.ooxml
13:38:39.720 [main] TRACE - Finished loading type system org.apache.poi.schemas.ooxml.system.ooxml
13:38:39.721 [main] TRACE - Resolving type for handle themefd26doctype
13:38:39.774 [main] TRACE - Resolving type for handle stylesheet5d8bdoctype
13:38:39.780 [main] TRACE - Resolving type for handle ctstylesheet4257type
13:38:39.780 [main] TRACE - Resolving type for handle ctfonts6623type
13:38:39.780 [main] TRACE - Resolving type for handle ctfont14d8type
13:38:39.796 [main] TRACE - Resolving type for handle ctfills2c6ftype
13:38:39.796 [main] TRACE - Resolving type for handle ctfill550ctype
13:38:39.796 [main] TRACE - Resolving type for handle ctborders0d66type
13:38:39.796 [main] TRACE - Resolving type for handle ctborderf935type
13:38:39.813 [main] TRACE - Resolving type for handle ctcellxfs1322type
13:38:39.813 [main] TRACE - Resolving type for handle ctxf97f7type
13:38:39.813 [main] TRACE - Resolving type for handle ctcellstylexfsa81ftype
13:38:39.830 [main] TRACE - Resolving type for handle ctdxfsb26atype
13:38:39.830 [main] TRACE - Resolving type for handle cttablestyles872ftype
13:38:39.830 [main] TRACE - Resolving type for handle sstf81fdoctype
13:38:39.845 [main] TRACE - Resolving type for handle ctsst44f3type
13:38:39.862 [main] TRACE - Resolving type for handle ctrsta472type
13:38:39.880 [main] DEBUG - using default POIXMLDocumentPart for http://schemas.openxmlformats.org/officeDocument/2006/relationships/printerSettings
13:38:39.880 [main] TRACE - Resolving type for handle workbookec17doctype
13:38:39.896 [main] TRACE - Resolving type for handle ctworkbook83c3type
13:38:39.896 [main] TRACE - Resolving type for handle ctsheets49fdtype
13:38:39.915 [main] TRACE - Resolving type for handle ctsheet4dbetype
13:38:39.917 [main] TRACE - Resolving type for handle strelationshipid1e94type
13:38:39.920 [main] TRACE - Resolving type for handle worksheetf539doctype
13:38:39.930 [main] TRACE - Resolving type for handle ctworksheet530dtype
13:38:39.930 [main] TRACE - Resolving type for handle ctsheetdata8408type
13:38:39.940 [main] TRACE - Resolving type for handle ctrowdd39type
13:38:39.949 [main] TRACE - Resolving type for handle ctcell842btype
13:38:39.957 [main] TRACE - Resolving type for handle stcellrefe4e0type
13:38:39.963 [main] TRACE - Resolving type for handle ctcols627ctype
13:38:39.963 [main] TRACE - Resolving type for handle ctcola95ftype
13:38:39.997 [main] TRACE - Resolving type for handle cthyperlinks6416type
13:38:39.997 [main] TRACE - Resolving type for handle cthyperlink0c85type
13:38:40.025 [main] TRACE - Resolving type for handle stxstringf179type
13:38:40.027 [main] TRACE - Resolving type for handle stcelltypebf95type
13:39:29.975 [main] INFO  - Entering email and password.. 
13:39:31.149 [main] INFO  - clicked on login button...
13:39:36.175 [main] INFO  - logged in successfully
13:39:37.374 [main] DEBUG - Parsing relationship: /xl/_rels/workbook.xml.rels
13:39:37.379 [main] DEBUG - Parsing relationship: /xl/worksheets/_rels/sheet1.xml.rels
13:39:37.380 [main] DEBUG - Parsing relationship: /xl/worksheets/_rels/sheet2.xml.rels
13:39:37.382 [main] DEBUG - Parsing relationship: /_rels/.rels
13:39:37.541 [main] TRACE - Loading type system org.apache.poi.schemas.ooxml.system.ooxml
13:39:37.544 [main] TRACE - Loading type system org.apache.xmlbeans.metadata.system.sXMLCONFIG
13:39:37.545 [main] TRACE - Loading type system org.apache.xmlbeans.metadata.system.sXMLLANG
13:39:37.545 [main] TRACE - Loading type system org.apache.xmlbeans.metadata.system.sXMLSCHEMA
13:39:37.546 [main] TRACE - Loading type system org.apache.xmlbeans.metadata.system.sXMLTOOLS
13:39:37.547 [main] TRACE - Reading unresolved handles for type system org.apache.xmlbeans.metadata.system.sXMLTOOLS
13:39:37.557 [main] TRACE - Finished loading type system org.apache.xmlbeans.metadata.system.sXMLTOOLS
13:39:37.558 [main] TRACE - Reading unresolved handles for type system org.apache.xmlbeans.metadata.system.sXMLSCHEMA
13:39:37.562 [main] TRACE - Finished loading type system org.apache.xmlbeans.metadata.system.sXMLSCHEMA
13:39:37.564 [main] TRACE - Reading unresolved handles for type system org.apache.xmlbeans.metadata.system.sXMLLANG
13:39:37.565 [main] TRACE - Finished loading type system org.apache.xmlbeans.metadata.system.sXMLLANG
13:39:37.566 [main] TRACE - Reading unresolved handles for type system org.apache.xmlbeans.metadata.system.sXMLCONFIG
13:39:37.566 [main] TRACE - Finished loading type system org.apache.xmlbeans.metadata.system.sXMLCONFIG
13:39:37.567 [main] TRACE - Reading unresolved handles for type system org.apache.poi.schemas.ooxml.system.ooxml
13:39:37.619 [main] TRACE - Finished loading type system org.apache.poi.schemas.ooxml.system.ooxml
13:39:37.620 [main] TRACE - Resolving type for handle themefd26doctype
13:39:37.673 [main] TRACE - Resolving type for handle stylesheet5d8bdoctype
13:39:37.679 [main] TRACE - Resolving type for handle ctstylesheet4257type
13:39:37.684 [main] TRACE - Resolving type for handle ctfonts6623type
13:39:37.686 [main] TRACE - Resolving type for handle ctfont14d8type
13:39:37.690 [main] TRACE - Resolving type for handle ctfills2c6ftype
13:39:37.691 [main] TRACE - Resolving type for handle ctfill550ctype
13:39:37.692 [main] TRACE - Resolving type for handle ctborders0d66type
13:39:37.694 [main] TRACE - Resolving type for handle ctborderf935type
13:39:37.698 [main] TRACE - Resolving type for handle ctcellxfs1322type
13:39:37.700 [main] TRACE - Resolving type for handle ctxf97f7type
13:39:37.703 [main] TRACE - Resolving type for handle ctcellstylexfsa81ftype
13:39:37.704 [main] TRACE - Resolving type for handle ctdxfsb26atype
13:39:37.706 [main] TRACE - Resolving type for handle cttablestyles872ftype
13:39:37.708 [main] TRACE - Resolving type for handle sstf81fdoctype
13:39:37.711 [main] TRACE - Resolving type for handle ctsst44f3type
13:39:37.721 [main] TRACE - Resolving type for handle ctrsta472type
13:39:37.740 [main] DEBUG - using default POIXMLDocumentPart for http://schemas.openxmlformats.org/officeDocument/2006/relationships/printerSettings
13:39:37.741 [main] TRACE - Resolving type for handle workbookec17doctype
13:39:37.744 [main] TRACE - Resolving type for handle ctworkbook83c3type
13:39:37.751 [main] TRACE - Resolving type for handle ctsheets49fdtype
13:39:37.752 [main] TRACE - Resolving type for handle ctsheet4dbetype
13:39:37.753 [main] TRACE - Resolving type for handle strelationshipid1e94type
13:39:37.755 [main] TRACE - Resolving type for handle worksheetf539doctype
13:39:37.761 [main] TRACE - Resolving type for handle ctworksheet530dtype
13:39:37.766 [main] TRACE - Resolving type for handle ctsheetdata8408type
13:39:37.768 [main] TRACE - Resolving type for handle ctrowdd39type
13:39:37.773 [main] TRACE - Resolving type for handle ctcell842btype
13:39:37.778 [main] TRACE - Resolving type for handle stcellrefe4e0type
13:39:37.786 [main] TRACE - Resolving type for handle ctcols627ctype
13:39:37.790 [main] TRACE - Resolving type for handle ctcola95ftype
13:39:37.802 [main] TRACE - Resolving type for handle cthyperlinks6416type
13:39:37.803 [main] TRACE - Resolving type for handle cthyperlink0c85type
13:39:37.812 [main] TRACE - Resolving type for handle stxstringf179type
13:39:37.814 [main] TRACE - Resolving type for handle stcelltypebf95type
13:49:11.940 [main] INFO  - Entering email and password.. 
13:49:13.293 [main] INFO  - clicked on login button...
13:49:18.316 [main] INFO  - logged in successfully
13:49:19.512 [main] DEBUG - Parsing relationship: /xl/_rels/workbook.xml.rels
13:49:19.517 [main] DEBUG - Parsing relationship: /xl/worksheets/_rels/sheet1.xml.rels
13:49:19.519 [main] DEBUG - Parsing relationship: /xl/worksheets/_rels/sheet2.xml.rels
13:49:19.520 [main] DEBUG - Parsing relationship: /_rels/.rels
13:49:19.676 [main] TRACE - Loading type system org.apache.poi.schemas.ooxml.system.ooxml
13:49:19.677 [main] TRACE - Loading type system org.apache.xmlbeans.metadata.system.sXMLCONFIG
13:49:19.677 [main] TRACE - Loading type system org.apache.xmlbeans.metadata.system.sXMLLANG
13:49:19.678 [main] TRACE - Loading type system org.apache.xmlbeans.metadata.system.sXMLSCHEMA
13:49:19.678 [main] TRACE - Loading type system org.apache.xmlbeans.metadata.system.sXMLTOOLS
13:49:19.679 [main] TRACE - Reading unresolved handles for type system org.apache.xmlbeans.metadata.system.sXMLTOOLS
13:49:19.692 [main] TRACE - Finished loading type system org.apache.xmlbeans.metadata.system.sXMLTOOLS
13:49:19.693 [main] TRACE - Reading unresolved handles for type system org.apache.xmlbeans.metadata.system.sXMLSCHEMA
13:49:19.695 [main] TRACE - Finished loading type system org.apache.xmlbeans.metadata.system.sXMLSCHEMA
13:49:19.698 [main] TRACE - Reading unresolved handles for type system org.apache.xmlbeans.metadata.system.sXMLLANG
13:49:19.699 [main] TRACE - Finished loading type system org.apache.xmlbeans.metadata.system.sXMLLANG
13:49:19.701 [main] TRACE - Reading unresolved handles for type system org.apache.xmlbeans.metadata.system.sXMLCONFIG
13:49:19.702 [main] TRACE - Finished loading type system org.apache.xmlbeans.metadata.system.sXMLCONFIG
13:49:19.703 [main] TRACE - Reading unresolved handles for type system org.apache.poi.schemas.ooxml.system.ooxml
13:49:19.748 [main] TRACE - Finished loading type system org.apache.poi.schemas.ooxml.system.ooxml
13:49:19.748 [main] TRACE - Resolving type for handle themefd26doctype
13:49:19.794 [main] TRACE - Resolving type for handle stylesheet5d8bdoctype
13:49:19.800 [main] TRACE - Resolving type for handle ctstylesheet4257type
13:49:19.804 [main] TRACE - Resolving type for handle ctfonts6623type
13:49:19.806 [main] TRACE - Resolving type for handle ctfont14d8type
13:49:19.811 [main] TRACE - Resolving type for handle ctfills2c6ftype
13:49:19.812 [main] TRACE - Resolving type for handle ctfill550ctype
13:49:19.814 [main] TRACE - Resolving type for handle ctborders0d66type
13:49:19.818 [main] TRACE - Resolving type for handle ctborderf935type
13:49:19.821 [main] TRACE - Resolving type for handle ctcellxfs1322type
13:49:19.823 [main] TRACE - Resolving type for handle ctxf97f7type
13:49:19.826 [main] TRACE - Resolving type for handle ctcellstylexfsa81ftype
13:49:19.828 [main] TRACE - Resolving type for handle ctdxfsb26atype
13:49:19.830 [main] TRACE - Resolving type for handle cttablestyles872ftype
13:49:19.833 [main] TRACE - Resolving type for handle sstf81fdoctype
13:49:19.838 [main] TRACE - Resolving type for handle ctsst44f3type
13:49:19.846 [main] TRACE - Resolving type for handle ctrsta472type
13:49:19.878 [main] DEBUG - using default POIXMLDocumentPart for http://schemas.openxmlformats.org/officeDocument/2006/relationships/printerSettings
13:49:19.879 [main] TRACE - Resolving type for handle workbookec17doctype
13:49:19.885 [main] TRACE - Resolving type for handle ctworkbook83c3type
13:49:19.889 [main] TRACE - Resolving type for handle ctsheets49fdtype
13:49:19.891 [main] TRACE - Resolving type for handle ctsheet4dbetype
13:49:19.892 [main] TRACE - Resolving type for handle strelationshipid1e94type
13:49:19.894 [main] TRACE - Resolving type for handle worksheetf539doctype
13:49:19.900 [main] TRACE - Resolving type for handle ctworksheet530dtype
13:49:19.910 [main] TRACE - Resolving type for handle ctsheetdata8408type
13:49:19.913 [main] TRACE - Resolving type for handle ctrowdd39type
13:49:19.916 [main] TRACE - Resolving type for handle ctcell842btype
13:49:19.922 [main] TRACE - Resolving type for handle stcellrefe4e0type
13:49:19.929 [main] TRACE - Resolving type for handle ctcols627ctype
13:49:19.934 [main] TRACE - Resolving type for handle ctcola95ftype
13:49:19.951 [main] TRACE - Resolving type for handle cthyperlinks6416type
13:49:19.954 [main] TRACE - Resolving type for handle cthyperlink0c85type
13:49:19.973 [main] TRACE - Resolving type for handle stxstringf179type
13:49:19.975 [main] TRACE - Resolving type for handle stcelltypebf95type
14:03:52.683 [main] INFO  - Entering email and password.. 
14:03:53.978 [main] INFO  - clicked on login button...
14:03:59.017 [main] INFO  - logged in successfully
14:04:10.288 [main] INFO  - Entering email and password.. 
14:04:11.759 [main] INFO  - clicked on login button...
14:04:16.790 [main] INFO  - logged in successfully
14:04:37.141 [main] INFO  - Entering email and password.. 
14:04:38.373 [main] INFO  - clicked on login button...
14:04:43.408 [main] INFO  - logged in successfully
14:04:48.381 [main] INFO  - Entering email and password.. 
14:04:49.772 [main] INFO  - clicked on login button...
14:04:54.811 [main] INFO  - logged in successfully
14:56:59.766 [main] INFO  - Entering email and password.. 
14:57:01.039 [main] INFO  - clicked on login button...
14:57:06.087 [main] INFO  - logged in successfully
14:57:25.016 [main] INFO  - Entering email and password.. 
14:57:26.495 [main] INFO  - clicked on login button...
14:57:31.525 [main] INFO  - logged in successfully
14:57:36.379 [main] INFO  - Entering email and password.. 
14:57:37.848 [main] INFO  - clicked on login button...
14:57:42.873 [main] INFO  - logged in successfully
15:03:09.650 [main] INFO  - Entering email and password.. 
15:03:10.847 [main] INFO  - clicked on login button...
15:03:15.873 [main] INFO  - logged in successfully
15:03:38.408 [main] INFO  - Entering email and password.. 
15:03:39.879 [main] INFO  - clicked on login button...
15:03:44.901 [main] INFO  - logged in successfully
15:04:07.908 [main] INFO  - Entering email and password.. 
15:04:09.385 [main] INFO  - clicked on login button...
15:04:14.418 [main] INFO  - logged in successfully
15:10:06.667 [main] INFO  - Entering email and password.. 
15:10:07.780 [main] INFO  - clicked on login button...
15:10:12.811 [main] INFO  - logged in successfully
15:10:58.193 [main] DEBUG - Parsing relationship: /xl/_rels/workbook.xml.rels
15:10:58.197 [main] DEBUG - Parsing relationship: /xl/worksheets/_rels/sheet1.xml.rels
15:10:58.198 [main] DEBUG - Parsing relationship: /xl/worksheets/_rels/sheet2.xml.rels
15:10:58.198 [main] DEBUG - Parsing relationship: /_rels/.rels
15:10:58.339 [main] TRACE - Loading type system org.apache.poi.schemas.ooxml.system.ooxml
15:10:58.341 [main] TRACE - Loading type system org.apache.xmlbeans.metadata.system.sXMLCONFIG
15:10:58.342 [main] TRACE - Loading type system org.apache.xmlbeans.metadata.system.sXMLLANG
15:10:58.342 [main] TRACE - Loading type system org.apache.xmlbeans.metadata.system.sXMLSCHEMA
15:10:58.342 [main] TRACE - Loading type system org.apache.xmlbeans.metadata.system.sXMLTOOLS
15:10:58.343 [main] TRACE - Reading unresolved handles for type system org.apache.xmlbeans.metadata.system.sXMLTOOLS
15:10:58.349 [main] TRACE - Finished loading type system org.apache.xmlbeans.metadata.system.sXMLTOOLS
15:10:58.349 [main] TRACE - Reading unresolved handles for type system org.apache.xmlbeans.metadata.system.sXMLSCHEMA
15:10:58.352 [main] TRACE - Finished loading type system org.apache.xmlbeans.metadata.system.sXMLSCHEMA
15:10:58.353 [main] TRACE - Reading unresolved handles for type system org.apache.xmlbeans.metadata.system.sXMLLANG
15:10:58.354 [main] TRACE - Finished loading type system org.apache.xmlbeans.metadata.system.sXMLLANG
15:10:58.354 [main] TRACE - Reading unresolved handles for type system org.apache.xmlbeans.metadata.system.sXMLCONFIG
15:10:58.355 [main] TRACE - Finished loading type system org.apache.xmlbeans.metadata.system.sXMLCONFIG
15:10:58.355 [main] TRACE - Reading unresolved handles for type system org.apache.poi.schemas.ooxml.system.ooxml
15:10:58.382 [main] TRACE - Finished loading type system org.apache.poi.schemas.ooxml.system.ooxml
15:10:58.382 [main] TRACE - Resolving type for handle themefd26doctype
15:10:58.428 [main] TRACE - Resolving type for handle stylesheet5d8bdoctype
15:10:58.432 [main] TRACE - Resolving type for handle ctstylesheet4257type
15:10:58.436 [main] TRACE - Resolving type for handle ctfonts6623type
15:10:58.437 [main] TRACE - Resolving type for handle ctfont14d8type
15:10:58.442 [main] TRACE - Resolving type for handle ctfills2c6ftype
15:10:58.444 [main] TRACE - Resolving type for handle ctfill550ctype
15:10:58.445 [main] TRACE - Resolving type for handle ctborders0d66type
15:10:58.446 [main] TRACE - Resolving type for handle ctborderf935type
15:10:58.449 [main] TRACE - Resolving type for handle ctcellxfs1322type
15:10:58.451 [main] TRACE - Resolving type for handle ctxf97f7type
15:10:58.454 [main] TRACE - Resolving type for handle ctcellstylexfsa81ftype
15:10:58.456 [main] TRACE - Resolving type for handle ctdxfsb26atype
15:10:58.457 [main] TRACE - Resolving type for handle cttablestyles872ftype
15:10:58.458 [main] TRACE - Resolving type for handle sstf81fdoctype
15:10:58.461 [main] TRACE - Resolving type for handle ctsst44f3type
15:10:58.470 [main] TRACE - Resolving type for handle ctrsta472type
15:10:58.485 [main] DEBUG - using default POIXMLDocumentPart for http://schemas.openxmlformats.org/officeDocument/2006/relationships/printerSettings
15:10:58.486 [main] TRACE - Resolving type for handle workbookec17doctype
15:10:58.488 [main] TRACE - Resolving type for handle ctworkbook83c3type
15:10:58.492 [main] TRACE - Resolving type for handle ctsheets49fdtype
15:10:58.493 [main] TRACE - Resolving type for handle ctsheet4dbetype
15:10:58.495 [main] TRACE - Resolving type for handle strelationshipid1e94type
15:10:58.497 [main] TRACE - Resolving type for handle worksheetf539doctype
15:10:58.500 [main] TRACE - Resolving type for handle ctworksheet530dtype
15:10:58.503 [main] TRACE - Resolving type for handle ctsheetdata8408type
15:10:58.505 [main] TRACE - Resolving type for handle ctrowdd39type
15:10:58.509 [main] TRACE - Resolving type for handle ctcell842btype
15:10:58.514 [main] TRACE - Resolving type for handle stcellrefe4e0type
15:10:58.521 [main] TRACE - Resolving type for handle ctcols627ctype
15:10:58.523 [main] TRACE - Resolving type for handle ctcola95ftype
15:10:58.533 [main] TRACE - Resolving type for handle cthyperlinks6416type
15:10:58.535 [main] TRACE - Resolving type for handle cthyperlink0c85type
15:10:58.552 [main] TRACE - Resolving type for handle stxstringf179type
15:10:58.553 [main] TRACE - Resolving type for handle stcelltypebf95type
15:10:58.573 [main] INFO  - Entering email and password.. 
15:11:04.274 [main] INFO  - Logged in successfully
15:11:07.882 [main] DEBUG - Parsing relationship: /xl/_rels/workbook.xml.rels
15:11:07.886 [main] DEBUG - Parsing relationship: /xl/worksheets/_rels/sheet1.xml.rels
15:11:07.887 [main] DEBUG - Parsing relationship: /xl/worksheets/_rels/sheet2.xml.rels
15:11:07.890 [main] DEBUG - Parsing relationship: /_rels/.rels
15:11:07.923 [main] DEBUG - using default POIXMLDocumentPart for http://schemas.openxmlformats.org/officeDocument/2006/relationships/printerSettings
15:11:07.963 [main] INFO  - Entering email and password.. 
15:11:14.319 [main] INFO  - Login failure
15:11:27.296 [main] INFO  - Entering email and password.. 
15:11:28.485 [main] INFO  - clicked on login button...
15:11:33.534 [main] INFO  - logged in successfully
15:13:25.585 [main] INFO  - Entering email and password.. 
15:13:26.997 [main] INFO  - clicked on login button...
15:13:32.033 [main] INFO  - logged in successfully
15:15:00.181 [main] INFO  - Entering email and password.. 
15:15:01.298 [main] INFO  - clicked on login button...
15:15:06.337 [main] INFO  - logged in successfully
15:18:29.643 [main] INFO  - Entering email and password.. 
15:18:30.830 [main] INFO  - clicked on login button...
15:18:35.877 [main] INFO  - logged in successfully
15:36:03.438 [main] INFO  - Entering email and password.. 
15:36:04.641 [main] INFO  - clicked on login button...
15:36:09.673 [main] INFO  - logged in successfully
15:37:51.635 [main] INFO  - Entering email and password.. 
15:37:52.840 [main] INFO  - clicked on login button...
15:37:57.872 [main] INFO  - logged in successfully
15:40:30.516 [main] INFO  - Entering email and password.. 
15:40:31.631 [main] INFO  - clicked on login button...
15:40:36.657 [main] INFO  - logged in successfully
15:47:57.507 [main] INFO  - Entering email and password.. 
15:47:58.711 [main] INFO  - clicked on login button...
15:48:03.787 [main] INFO  - logged in successfully
15:55:02.610 [main] INFO  - Entering email and password.. 
15:55:03.864 [main] INFO  - clicked on login button...
15:55:08.913 [main] INFO  - login Failure
16:09:13.012 [main] DEBUG - Parsing relationship: /xl/_rels/workbook.xml.rels
16:09:13.016 [main] DEBUG - Parsing relationship: /xl/worksheets/_rels/sheet1.xml.rels
16:09:13.016 [main] DEBUG - Parsing relationship: /xl/worksheets/_rels/sheet2.xml.rels
16:09:13.017 [main] DEBUG - Parsing relationship: /_rels/.rels
16:09:13.105 [main] TRACE - Loading type system org.apache.poi.schemas.ooxml.system.ooxml
16:09:13.107 [main] TRACE - Loading type system org.apache.xmlbeans.metadata.system.sXMLCONFIG
16:09:13.108 [main] TRACE - Loading type system org.apache.xmlbeans.metadata.system.sXMLLANG
16:09:13.108 [main] TRACE - Loading type system org.apache.xmlbeans.metadata.system.sXMLSCHEMA
16:09:13.108 [main] TRACE - Loading type system org.apache.xmlbeans.metadata.system.sXMLTOOLS
16:09:13.109 [main] TRACE - Reading unresolved handles for type system org.apache.xmlbeans.metadata.system.sXMLTOOLS
16:09:13.116 [main] TRACE - Finished loading type system org.apache.xmlbeans.metadata.system.sXMLTOOLS
16:09:13.117 [main] TRACE - Reading unresolved handles for type system org.apache.xmlbeans.metadata.system.sXMLSCHEMA
16:09:13.120 [main] TRACE - Finished loading type system org.apache.xmlbeans.metadata.system.sXMLSCHEMA
16:09:13.120 [main] TRACE - Reading unresolved handles for type system org.apache.xmlbeans.metadata.system.sXMLLANG
16:09:13.121 [main] TRACE - Finished loading type system org.apache.xmlbeans.metadata.system.sXMLLANG
16:09:13.121 [main] TRACE - Reading unresolved handles for type system org.apache.xmlbeans.metadata.system.sXMLCONFIG
16:09:13.122 [main] TRACE - Finished loading type system org.apache.xmlbeans.metadata.system.sXMLCONFIG
16:09:13.122 [main] TRACE - Reading unresolved handles for type system org.apache.poi.schemas.ooxml.system.ooxml
16:09:13.153 [main] TRACE - Finished loading type system org.apache.poi.schemas.ooxml.system.ooxml
16:09:13.154 [main] TRACE - Resolving type for handle themefd26doctype
16:09:13.186 [main] TRACE - Resolving type for handle stylesheet5d8bdoctype
16:09:13.186 [main] TRACE - Resolving type for handle ctstylesheet4257type
16:09:13.186 [main] TRACE - Resolving type for handle ctfonts6623type
16:09:13.186 [main] TRACE - Resolving type for handle ctfont14d8type
16:09:13.197 [main] TRACE - Resolving type for handle ctfills2c6ftype
16:09:13.197 [main] TRACE - Resolving type for handle ctfill550ctype
16:09:13.197 [main] TRACE - Resolving type for handle ctborders0d66type
16:09:13.202 [main] TRACE - Resolving type for handle ctborderf935type
16:09:13.202 [main] TRACE - Resolving type for handle ctcellxfs1322type
16:09:13.202 [main] TRACE - Resolving type for handle ctxf97f7type
16:09:13.202 [main] TRACE - Resolving type for handle ctcellstylexfsa81ftype
16:09:13.202 [main] TRACE - Resolving type for handle ctdxfsb26atype
16:09:13.202 [main] TRACE - Resolving type for handle cttablestyles872ftype
16:09:13.202 [main] TRACE - Resolving type for handle sstf81fdoctype
16:09:13.202 [main] TRACE - Resolving type for handle ctsst44f3type
16:09:13.217 [main] TRACE - Resolving type for handle ctrsta472type
16:09:13.233 [main] DEBUG - using default POIXMLDocumentPart for http://schemas.openxmlformats.org/officeDocument/2006/relationships/printerSettings
16:09:13.233 [main] TRACE - Resolving type for handle workbookec17doctype
16:09:13.233 [main] TRACE - Resolving type for handle ctworkbook83c3type
16:09:13.233 [main] TRACE - Resolving type for handle ctsheets49fdtype
16:09:13.233 [main] TRACE - Resolving type for handle ctsheet4dbetype
16:09:13.233 [main] TRACE - Resolving type for handle strelationshipid1e94type
16:09:13.233 [main] TRACE - Resolving type for handle worksheetf539doctype
16:09:13.233 [main] TRACE - Resolving type for handle ctworksheet530dtype
16:09:13.248 [main] TRACE - Resolving type for handle ctsheetdata8408type
16:09:13.248 [main] TRACE - Resolving type for handle ctrowdd39type
16:09:13.248 [main] TRACE - Resolving type for handle ctcell842btype
16:09:13.248 [main] TRACE - Resolving type for handle stcellrefe4e0type
16:09:13.264 [main] TRACE - Resolving type for handle ctcols627ctype
16:09:13.264 [main] TRACE - Resolving type for handle ctcola95ftype
16:09:13.264 [main] TRACE - Resolving type for handle cthyperlinks6416type
16:09:13.264 [main] TRACE - Resolving type for handle cthyperlink0c85type
16:09:13.280 [main] TRACE - Resolving type for handle stxstringf179type
16:09:13.280 [main] TRACE - Resolving type for handle stcelltypebf95type
16:09:13.297 [main] INFO  - Entering email and password.. 
16:09:19.243 [main] INFO  - Logged in successfully
16:09:22.970 [main] DEBUG - Parsing relationship: /xl/_rels/workbook.xml.rels
16:09:22.973 [main] DEBUG - Parsing relationship: /xl/worksheets/_rels/sheet1.xml.rels
16:09:22.974 [main] DEBUG - Parsing relationship: /xl/worksheets/_rels/sheet2.xml.rels
16:09:22.974 [main] DEBUG - Parsing relationship: /_rels/.rels
16:09:23.011 [main] DEBUG - using default POIXMLDocumentPart for http://schemas.openxmlformats.org/officeDocument/2006/relationships/printerSettings
16:09:23.055 [main] INFO  - Entering email and password.. 
16:09:29.472 [main] INFO  - Login failure
16:09:32.974 [main] DEBUG - Parsing relationship: /xl/_rels/workbook.xml.rels
16:09:32.975 [main] DEBUG - Parsing relationship: /xl/worksheets/_rels/sheet1.xml.rels
16:09:32.976 [main] DEBUG - Parsing relationship: /xl/worksheets/_rels/sheet2.xml.rels
16:09:32.976 [main] DEBUG - Parsing relationship: /_rels/.rels
16:09:32.991 [main] DEBUG - using default POIXMLDocumentPart for http://schemas.openxmlformats.org/officeDocument/2006/relationships/printerSettings
16:09:33.005 [main] INFO  - Entering email and password.. 
16:09:39.450 [main] INFO  - Login failure
16:09:42.738 [main] DEBUG - Parsing relationship: /xl/_rels/workbook.xml.rels
16:09:42.738 [main] DEBUG - Parsing relationship: /xl/worksheets/_rels/sheet1.xml.rels
16:09:42.738 [main] DEBUG - Parsing relationship: /xl/worksheets/_rels/sheet2.xml.rels
16:09:42.738 [main] DEBUG - Parsing relationship: /_rels/.rels
16:09:42.754 [main] DEBUG - using default POIXMLDocumentPart for http://schemas.openxmlformats.org/officeDocument/2006/relationships/printerSettings
16:09:42.763 [main] INFO  - Entering email and password.. 
16:09:49.108 [main] INFO  - Login failure
16:09:52.468 [main] INFO  - Entering email and password.. 
16:09:53.905 [main] INFO  - clicked on login button...
16:09:58.920 [main] INFO  - logged in successfully
16:10:17.292 [main] INFO  - Entering email and password.. 
16:10:18.667 [main] INFO  - clicked on login button...
16:10:23.688 [main] INFO  - logged in successfully
16:10:46.147 [main] INFO  - Entering email and password.. 
16:10:47.533 [main] INFO  - clicked on login button...
16:10:52.574 [main] INFO  - logged in successfully
16:11:00.245 [main] INFO  - Entering email and password.. 
16:11:01.695 [main] INFO  - clicked on login button...
16:11:06.725 [main] INFO  - logged in successfully
16:11:19.848 [main] INFO  - Entering email and password.. 
16:11:21.273 [main] INFO  - clicked on login button...
16:11:26.327 [main] INFO  - logged in successfully
16:11:41.803 [main] INFO  - Entering email and password.. 
16:11:43.261 [main] INFO  - clicked on login button...
16:11:48.297 [main] INFO  - logged in successfully
16:12:06.246 [main] INFO  - Entering email and password.. 
16:12:07.658 [main] INFO  - clicked on login button...
16:12:12.720 [main] INFO  - logged in successfully
16:12:25.276 [main] INFO  - Entering email and password.. 
16:12:26.707 [main] INFO  - clicked on login button...
16:12:31.740 [main] INFO  - logged in successfully
16:12:45.668 [main] INFO  - Entering email and password.. 
16:12:47.327 [main] INFO  - clicked on login button...
16:12:52.383 [main] INFO  - logged in successfully
16:13:07.233 [main] INFO  - Entering email and password.. 
16:13:08.679 [main] INFO  - clicked on login button...
16:13:13.712 [main] INFO  - logged in successfully
16:13:29.402 [main] DEBUG - Parsing relationship: /xl/_rels/workbook.xml.rels
16:13:29.407 [main] DEBUG - Parsing relationship: /xl/worksheets/_rels/sheet1.xml.rels
16:13:29.407 [main] DEBUG - Parsing relationship: /xl/worksheets/_rels/sheet2.xml.rels
16:13:29.408 [main] DEBUG - Parsing relationship: /_rels/.rels
16:13:29.418 [main] DEBUG - using default POIXMLDocumentPart for http://schemas.openxmlformats.org/officeDocument/2006/relationships/printerSettings
16:13:38.919 [main] DEBUG - Parsing relationship: /xl/_rels/workbook.xml.rels
16:13:38.920 [main] DEBUG - Parsing relationship: /xl/worksheets/_rels/sheet1.xml.rels
16:13:38.920 [main] DEBUG - Parsing relationship: /xl/worksheets/_rels/sheet2.xml.rels
16:13:38.920 [main] DEBUG - Parsing relationship: /_rels/.rels
16:13:38.926 [main] DEBUG - using default POIXMLDocumentPart for http://schemas.openxmlformats.org/officeDocument/2006/relationships/printerSettings
17:54:12.909 [main] DEBUG - Parsing relationship: /xl/_rels/workbook.xml.rels
17:54:12.914 [main] DEBUG - Parsing relationship: /xl/worksheets/_rels/sheet1.xml.rels
17:54:12.916 [main] DEBUG - Parsing relationship: /xl/worksheets/_rels/sheet2.xml.rels
17:54:12.917 [main] DEBUG - Parsing relationship: /_rels/.rels
17:54:13.025 [main] TRACE - Loading type system org.apache.poi.schemas.ooxml.system.ooxml
17:54:13.026 [main] TRACE - Loading type system org.apache.xmlbeans.metadata.system.sXMLCONFIG
17:54:13.027 [main] TRACE - Loading type system org.apache.xmlbeans.metadata.system.sXMLLANG
17:54:13.027 [main] TRACE - Loading type system org.apache.xmlbeans.metadata.system.sXMLSCHEMA
17:54:13.027 [main] TRACE - Loading type system org.apache.xmlbeans.metadata.system.sXMLTOOLS
17:54:13.028 [main] TRACE - Reading unresolved handles for type system org.apache.xmlbeans.metadata.system.sXMLTOOLS
17:54:13.034 [main] TRACE - Finished loading type system org.apache.xmlbeans.metadata.system.sXMLTOOLS
17:54:13.035 [main] TRACE - Reading unresolved handles for type system org.apache.xmlbeans.metadata.system.sXMLSCHEMA
17:54:13.037 [main] TRACE - Finished loading type system org.apache.xmlbeans.metadata.system.sXMLSCHEMA
17:54:13.037 [main] TRACE - Reading unresolved handles for type system org.apache.xmlbeans.metadata.system.sXMLLANG
17:54:13.038 [main] TRACE - Finished loading type system org.apache.xmlbeans.metadata.system.sXMLLANG
17:54:13.038 [main] TRACE - Reading unresolved handles for type system org.apache.xmlbeans.metadata.system.sXMLCONFIG
17:54:13.039 [main] TRACE - Finished loading type system org.apache.xmlbeans.metadata.system.sXMLCONFIG
17:54:13.039 [main] TRACE - Reading unresolved handles for type system org.apache.poi.schemas.ooxml.system.ooxml
17:54:13.072 [main] TRACE - Finished loading type system org.apache.poi.schemas.ooxml.system.ooxml
17:54:13.072 [main] TRACE - Resolving type for handle themefd26doctype
17:54:13.107 [main] TRACE - Resolving type for handle stylesheet5d8bdoctype
17:54:13.114 [main] TRACE - Resolving type for handle ctstylesheet4257type
17:54:13.122 [main] TRACE - Resolving type for handle ctfonts6623type
17:54:13.126 [main] TRACE - Resolving type for handle ctfont14d8type
17:54:13.130 [main] TRACE - Resolving type for handle ctfills2c6ftype
17:54:13.132 [main] TRACE - Resolving type for handle ctfill550ctype
17:54:13.133 [main] TRACE - Resolving type for handle ctborders0d66type
17:54:13.134 [main] TRACE - Resolving type for handle ctborderf935type
17:54:13.136 [main] TRACE - Resolving type for handle ctcellxfs1322type
17:54:13.137 [main] TRACE - Resolving type for handle ctxf97f7type
17:54:13.140 [main] TRACE - Resolving type for handle ctcellstylexfsa81ftype
17:54:13.141 [main] TRACE - Resolving type for handle ctdxfsb26atype
17:54:13.143 [main] TRACE - Resolving type for handle cttablestyles872ftype
17:54:13.145 [main] TRACE - Resolving type for handle sstf81fdoctype
17:54:13.149 [main] TRACE - Resolving type for handle ctsst44f3type
17:54:13.155 [main] TRACE - Resolving type for handle ctrsta472type
17:54:13.167 [main] DEBUG - using default POIXMLDocumentPart for http://schemas.openxmlformats.org/officeDocument/2006/relationships/printerSettings
17:54:13.168 [main] TRACE - Resolving type for handle workbookec17doctype
17:54:13.171 [main] TRACE - Resolving type for handle ctworkbook83c3type
17:54:13.174 [main] TRACE - Resolving type for handle ctsheets49fdtype
17:54:13.175 [main] TRACE - Resolving type for handle ctsheet4dbetype
17:54:13.176 [main] TRACE - Resolving type for handle strelationshipid1e94type
17:54:13.177 [main] TRACE - Resolving type for handle worksheetf539doctype
17:54:13.180 [main] TRACE - Resolving type for handle ctworksheet530dtype
17:54:13.184 [main] TRACE - Resolving type for handle ctsheetdata8408type
17:54:13.185 [main] TRACE - Resolving type for handle ctrowdd39type
17:54:13.187 [main] TRACE - Resolving type for handle ctcell842btype
17:54:13.191 [main] TRACE - Resolving type for handle stcellrefe4e0type
17:54:13.195 [main] TRACE - Resolving type for handle ctcols627ctype
17:54:13.197 [main] TRACE - Resolving type for handle ctcola95ftype
17:54:13.206 [main] TRACE - Resolving type for handle cthyperlinks6416type
17:54:13.207 [main] TRACE - Resolving type for handle cthyperlink0c85type
17:54:13.220 [main] TRACE - Resolving type for handle stxstringf179type
17:54:13.221 [main] TRACE - Resolving type for handle stcelltypebf95type
17:54:13.237 [main] INFO  - Entering email and password.. 
