12:13:11.599 [main] TRACE - Loading type system org.apache.xmlbeans.metadata.system.sXMLSCHEMA
12:13:11.611 [main] TRACE - Loading type system org.apache.xmlbeans.metadata.system.sXMLTOOLS
12:13:11.613 [main] TRACE - Reading unresolved handles for type system org.apache.xmlbeans.metadata.system.sXMLTOOLS
12:13:11.641 [main] TRACE - Finished loading type system org.apache.xmlbeans.metadata.system.sXMLTOOLS
12:13:11.643 [main] TRACE - Reading unresolved handles for type system org.apache.xmlbeans.metadata.system.sXMLSCHEMA
12:13:11.651 [main] TRACE - Finished loading type system org.apache.xmlbeans.metadata.system.sXMLSCHEMA
12:13:11.654 [main] TRACE - Reading unresolved handles for type system org.apache.xmlbeans.metadata.system.sXMLLANG
12:13:11.655 [main] TRACE - Finished loading type system org.apache.xmlbeans.metadata.system.sXMLLANG
12:13:11.657 [main] TRACE - Reading unresolved handles for type system org.apache.xmlbeans.metadata.system.sXMLCONFIG
12:13:11.659 [main] TRACE - Finished loading type system org.apache.xmlbeans.metadata.system.sXMLCONFIG
12:13:11.660 [main] TRACE - Reading unresolved handles for type system org.apache.poi.schemas.ooxml.system.ooxml
12:13:11.758 [main] TRACE - Finished loading type system org.apache.poi.schemas.ooxml.system.ooxml
12:13:11.759 [main] TRACE - Resolving type for handle themefd26doctype
12:13:11.876 [main] TRACE - Resolving type for handle stylesheet5d8bdoctype
12:13:11.888 [main] TRACE - Resolving type for handle ctstylesheet4257type
12:13:11.893 [main] TRACE - Resolving type for handle ctfonts6623type
12:13:11.897 [main] TRACE - Resolving type for handle ctfont14d8type
12:13:11.905 [main] TRACE - Resolving type for handle ctfills2c6ftype
12:13:11.908 [main] TRACE - Resolving type for handle ctfill550ctype
12:13:11.911 [main] TRACE - Resolving type for handle ctborders0d66type
12:13:11.915 [main] TRACE - Resolving type for handle ctborderf935type
12:13:11.920 [main] TRACE - Resolving type for handle ctcellxfs1322type
12:13:11.923 [main] TRACE - Resolving type for handle ctxf97f7type
12:13:11.931 [main] TRACE - Resolving type for handle ctcellstylexfsa81ftype
12:13:11.934 [main] TRACE - Resolving type for handle ctdxfsb26atype
12:13:11.937 [main] TRACE - Resolving type for handle cttablestyles872ftype
12:13:11.943 [main] TRACE - Resolving type for handle sstf81fdoctype
12:13:11.950 [main] TRACE - Resolving type for handle ctsst44f3type
12:13:11.963 [main] TRACE - Resolving type for handle ctrsta472type
12:13:11.993 [main] DEBUG - using default POIXMLDocumentPart for http://schemas.openxmlformats.org/officeDocument/2006/relationships/printerSettings
12:13:11.995 [main] TRACE - Resolving type for handle workbookec17doctype
12:13:12.000 [main] TRACE - Resolving type for handle ctworkbook83c3type
12:13:12.007 [main] TRACE - Resolving type for handle ctsheets49fdtype
12:13:12.011 [main] TRACE - Resolving type for handle ctsheet4dbetype
12:13:12.015 [main] TRACE - Resolving type for handle strelationshipid1e94type
12:13:12.020 [main] TRACE - Resolving type for handle worksheetf539doctype
12:13:12.030 [main] TRACE - Resolving type for handle ctworksheet530dtype
12:13:12.041 [main] TRACE - Resolving type for handle ctsheetdata8408type
12:13:12.046 [main] TRACE - Resolving type for handle ctrowdd39type
12:13:12.053 [main] TRACE - Resolving type for handle ctcell842btype
12:13:12.063 [main] TRACE - Resolving type for handle stcellrefe4e0type
12:13:12.075 [main] TRACE - Resolving type for handle ctcols627ctype
12:13:12.082 [main] TRACE - Resolving type for handle ctcola95ftype
12:13:12.105 [main] TRACE - Resolving type for handle cthyperlinks6416type
12:13:12.110 [main] TRACE - Resolving type for handle cthyperlink0c85type
12:13:12.148 [main] TRACE - Resolving type for handle stxstringf179type
12:13:12.152 [main] TRACE - Resolving type for handle stcelltypebf95type
12:13:12.189 [main] INFO  - Entering email and password.. 
12:13:17.502 [main] INFO  - Logged in successfully
12:13:23.072 [main] DEBUG - Parsing relationship: /xl/_rels/workbook.xml.rels
12:13:23.073 [main] DEBUG - Parsing relationship: /xl/worksheets/_rels/sheet1.xml.rels
12:13:23.073 [main] DEBUG - Parsing relationship: /xl/worksheets/_rels/sheet2.xml.rels
12:13:23.074 [main] DEBUG - Parsing relationship: /_rels/.rels
12:13:23.087 [main] DEBUG - using default POIXMLDocumentPart for http://schemas.openxmlformats.org/officeDocument/2006/relationships/printerSettings
12:13:23.101 [main] INFO  - Entering email and password.. 
12:13:29.478 [main] INFO  - Login failure
12:13:50.301 [main] DEBUG - Parsing relationship: /xl/_rels/workbook.xml.rels
12:13:50.303 [main] DEBUG - Parsing relationship: /xl/worksheets/_rels/sheet1.xml.rels
12:13:50.304 [main] DEBUG - Parsing relationship: /xl/worksheets/_rels/sheet2.xml.rels
12:13:50.305 [main] DEBUG - Parsing relationship: /_rels/.rels
12:13:50.327 [main] DEBUG - using default POIXMLDocumentPart for http://schemas.openxmlformats.org/officeDocument/2006/relationships/printerSettings
12:13:50.356 [main] INFO  - Entering email and password.. 
12:13:56.803 [main] INFO  - Login failure
12:14:02.899 [main] DEBUG - Parsing relationship: /xl/_rels/workbook.xml.rels
12:14:02.900 [main] DEBUG - Parsing relationship: /xl/worksheets/_rels/sheet1.xml.rels
12:14:02.900 [main] DEBUG - Parsing relationship: /xl/worksheets/_rels/sheet2.xml.rels
12:14:02.901 [main] DEBUG - Parsing relationship: /_rels/.rels
12:14:02.908 [main] DEBUG - using default POIXMLDocumentPart for http://schemas.openxmlformats.org/officeDocument/2006/relationships/printerSettings
12:14:02.920 [main] INFO  - Entering email and password.. 
12:14:09.403 [main] INFO  - Login failure
12:14:42.848 [main] DEBUG - Parsing relationship: /xl/_rels/workbook.xml.rels
12:14:42.849 [main] DEBUG - Parsing relationship: /xl/worksheets/_rels/sheet1.xml.rels
12:14:42.851 [main] DEBUG - Parsing relationship: /xl/worksheets/_rels/sheet2.xml.rels
12:14:42.851 [main] DEBUG - Parsing relationship: /_rels/.rels
12:14:42.863 [main] DEBUG - using default POIXMLDocumentPart for http://schemas.openxmlformats.org/officeDocument/2006/relationships/printerSettings
12:15:10.844 [main] DEBUG - Parsing relationship: /xl/_rels/workbook.xml.rels
12:15:10.845 [main] DEBUG - Parsing relationship: /xl/worksheets/_rels/sheet1.xml.rels
12:15:10.847 [main] DEBUG - Parsing relationship: /xl/worksheets/_rels/sheet2.xml.rels
12:15:10.849 [main] DEBUG - Parsing relationship: /_rels/.rels
12:15:10.860 [main] DEBUG - using default POIXMLDocumentPart for http://schemas.openxmlformats.org/officeDocument/2006/relationships/printerSettings
12:18:28.960 [main] DEBUG - Parsing relationship: /xl/_rels/workbook.xml.rels
12:18:28.963 [main] DEBUG - Parsing relationship: /xl/worksheets/_rels/sheet1.xml.rels
12:18:28.965 [main] DEBUG - Parsing relationship: /xl/worksheets/_rels/sheet2.xml.rels
12:18:28.965 [main] DEBUG - Parsing relationship: /_rels/.rels
12:18:29.061 [main] TRACE - Loading type system org.apache.poi.schemas.ooxml.system.ooxml
12:18:29.063 [main] TRACE - Loading type system org.apache.xmlbeans.metadata.system.sXMLCONFIG
12:18:29.063 [main] TRACE - Loading type system org.apache.xmlbeans.metadata.system.sXMLLANG
12:18:29.064 [main] TRACE - Loading type system org.apache.xmlbeans.metadata.system.sXMLSCHEMA
12:18:29.064 [main] TRACE - Loading type system org.apache.xmlbeans.metadata.system.sXMLTOOLS
12:18:29.065 [main] TRACE - Reading unresolved handles for type system org.apache.xmlbeans.metadata.system.sXMLTOOLS
12:18:29.074 [main] TRACE - Finished loading type system org.apache.xmlbeans.metadata.system.sXMLTOOLS
12:18:29.075 [main] TRACE - Reading unresolved handles for type system org.apache.xmlbeans.metadata.system.sXMLSCHEMA
12:18:29.080 [main] TRACE - Finished loading type system org.apache.xmlbeans.metadata.system.sXMLSCHEMA
12:18:29.081 [main] TRACE - Reading unresolved handles for type system org.apache.xmlbeans.metadata.system.sXMLLANG
12:18:29.082 [main] TRACE - Finished loading type system org.apache.xmlbeans.metadata.system.sXMLLANG
12:18:29.082 [main] TRACE - Reading unresolved handles for type system org.apache.xmlbeans.metadata.system.sXMLCONFIG
12:18:29.083 [main] TRACE - Finished loading type system org.apache.xmlbeans.metadata.system.sXMLCONFIG
12:18:29.084 [main] TRACE - Reading unresolved handles for type system org.apache.poi.schemas.ooxml.system.ooxml
12:18:29.131 [main] TRACE - Finished loading type system org.apache.poi.schemas.ooxml.system.ooxml
12:18:29.132 [main] TRACE - Resolving type for handle themefd26doctype
12:18:29.165 [main] TRACE - Resolving type for handle stylesheet5d8bdoctype
12:18:29.169 [main] TRACE - Resolving type for handle ctstylesheet4257type
12:18:29.172 [main] TRACE - Resolving type for handle ctfonts6623type
12:18:29.174 [main] TRACE - Resolving type for handle ctfont14d8type
12:18:29.178 [main] TRACE - Resolving type for handle ctfills2c6ftype
12:18:29.179 [main] TRACE - Resolving type for handle ctfill550ctype
12:18:29.181 [main] TRACE - Resolving type for handle ctborders0d66type
12:18:29.182 [main] TRACE - Resolving type for handle ctborderf935type
12:18:29.184 [main] TRACE - Resolving type for handle ctcellxfs1322type
12:18:29.187 [main] TRACE - Resolving type for handle ctxf97f7type
12:18:29.189 [main] TRACE - Resolving type for handle ctcellstylexfsa81ftype
12:18:29.191 [main] TRACE - Resolving type for handle ctdxfsb26atype
12:18:29.192 [main] TRACE - Resolving type for handle cttablestyles872ftype
12:18:29.194 [main] TRACE - Resolving type for handle sstf81fdoctype
12:18:29.198 [main] TRACE - Resolving type for handle ctsst44f3type
12:18:29.204 [main] TRACE - Resolving type for handle ctrsta472type
12:18:29.232 [main] DEBUG - using default POIXMLDocumentPart for http://schemas.openxmlformats.org/officeDocument/2006/relationships/printerSettings
12:18:29.233 [main] TRACE - Resolving type for handle workbookec17doctype
12:18:29.237 [main] TRACE - Resolving type for handle ctworkbook83c3type
12:18:29.240 [main] TRACE - Resolving type for handle ctsheets49fdtype
12:18:29.241 [main] TRACE - Resolving type for handle ctsheet4dbetype
12:18:29.242 [main] TRACE - Resolving type for handle strelationshipid1e94type
12:18:29.243 [main] TRACE - Resolving type for handle worksheetf539doctype
12:18:29.246 [main] TRACE - Resolving type for handle ctworksheet530dtype
12:18:29.249 [main] TRACE - Resolving type for handle ctsheetdata8408type
12:18:29.251 [main] TRACE - Resolving type for handle ctrowdd39type
12:18:29.255 [main] TRACE - Resolving type for handle ctcell842btype
12:18:29.258 [main] TRACE - Resolving type for handle stcellrefe4e0type
12:18:29.263 [main] TRACE - Resolving type for handle ctcols627ctype
12:18:29.266 [main] TRACE - Resolving type for handle ctcola95ftype
12:18:29.275 [main] TRACE - Resolving type for handle cthyperlinks6416type
12:18:29.276 [main] TRACE - Resolving type for handle cthyperlink0c85type
12:18:29.289 [main] TRACE - Resolving type for handle stxstringf179type
12:18:29.290 [main] TRACE - Resolving type for handle stcelltypebf95type
12:18:29.306 [main] INFO  - Entering email and password.. 
12:18:35.349 [main] INFO  - Logged in successfully
12:18:40.342 [main] DEBUG - Parsing relationship: /xl/_rels/workbook.xml.rels
12:18:40.342 [main] DEBUG - Parsing relationship: /xl/worksheets/_rels/sheet1.xml.rels
12:18:40.342 [main] DEBUG - Parsing relationship: /xl/worksheets/_rels/sheet2.xml.rels
12:18:40.354 [main] DEBUG - Parsing relationship: /_rels/.rels
12:18:40.397 [main] DEBUG - using default POIXMLDocumentPart for http://schemas.openxmlformats.org/officeDocument/2006/relationships/printerSettings
12:18:40.412 [main] INFO  - Entering email and password.. 
12:18:46.726 [main] INFO  - Login failure
12:18:51.406 [main] DEBUG - Parsing relationship: /xl/_rels/workbook.xml.rels
12:18:51.406 [main] DEBUG - Parsing relationship: /xl/worksheets/_rels/sheet1.xml.rels
12:18:51.406 [main] DEBUG - Parsing relationship: /xl/worksheets/_rels/sheet2.xml.rels
12:18:51.406 [main] DEBUG - Parsing relationship: /_rels/.rels
12:18:51.480 [main] DEBUG - using default POIXMLDocumentPart for http://schemas.openxmlformats.org/officeDocument/2006/relationships/printerSettings
12:18:51.651 [main] INFO  - Entering email and password.. 
12:18:57.727 [main] INFO  - Login failure
12:19:10.091 [main] DEBUG - Parsing relationship: /xl/_rels/workbook.xml.rels
12:19:10.091 [main] DEBUG - Parsing relationship: /xl/worksheets/_rels/sheet1.xml.rels
12:19:10.092 [main] DEBUG - Parsing relationship: /xl/worksheets/_rels/sheet2.xml.rels
12:19:10.092 [main] DEBUG - Parsing relationship: /_rels/.rels
12:19:10.099 [main] DEBUG - using default POIXMLDocumentPart for http://schemas.openxmlformats.org/officeDocument/2006/relationships/printerSettings
12:19:10.107 [main] INFO  - Entering email and password.. 
12:19:16.494 [main] INFO  - Login failure
12:19:23.535 [main] DEBUG - Parsing relationship: /xl/_rels/workbook.xml.rels
12:19:23.536 [main] DEBUG - Parsing relationship: /xl/worksheets/_rels/sheet1.xml.rels
12:19:23.536 [main] DEBUG - Parsing relationship: /xl/worksheets/_rels/sheet2.xml.rels
12:19:23.537 [main] DEBUG - Parsing relationship: /_rels/.rels
12:19:23.546 [main] DEBUG - using default POIXMLDocumentPart for http://schemas.openxmlformats.org/officeDocument/2006/relationships/printerSettings
12:19:33.930 [main] DEBUG - Parsing relationship: /xl/_rels/workbook.xml.rels
12:19:33.930 [main] DEBUG - Parsing relationship: /xl/worksheets/_rels/sheet1.xml.rels
12:19:33.931 [main] DEBUG - Parsing relationship: /xl/worksheets/_rels/sheet2.xml.rels
12:19:33.932 [main] DEBUG - Parsing relationship: /_rels/.rels
12:19:33.938 [main] DEBUG - using default POIXMLDocumentPart for http://schemas.openxmlformats.org/officeDocument/2006/relationships/printerSettings
12:21:20.797 [main] DEBUG - Parsing relationship: /xl/_rels/workbook.xml.rels
12:21:20.801 [main] DEBUG - Parsing relationship: /xl/worksheets/_rels/sheet1.xml.rels
12:21:20.802 [main] DEBUG - Parsing relationship: /xl/worksheets/_rels/sheet2.xml.rels
12:21:20.804 [main] DEBUG - Parsing relationship: /_rels/.rels
12:21:20.914 [main] TRACE - Loading type system org.apache.poi.schemas.ooxml.system.ooxml
12:21:20.915 [main] TRACE - Loading type system org.apache.xmlbeans.metadata.system.sXMLCONFIG
12:21:20.916 [main] TRACE - Loading type system org.apache.xmlbeans.metadata.system.sXMLLANG
12:21:20.916 [main] TRACE - Loading type system org.apache.xmlbeans.metadata.system.sXMLSCHEMA
12:21:20.916 [main] TRACE - Loading type system org.apache.xmlbeans.metadata.system.sXMLTOOLS
12:21:20.917 [main] TRACE - Reading unresolved handles for type system org.apache.xmlbeans.metadata.system.sXMLTOOLS
12:21:20.924 [main] TRACE - Finished loading type system org.apache.xmlbeans.metadata.system.sXMLTOOLS
12:21:20.925 [main] TRACE - Reading unresolved handles for type system org.apache.xmlbeans.metadata.system.sXMLSCHEMA
12:21:20.928 [main] TRACE - Finished loading type system org.apache.xmlbeans.metadata.system.sXMLSCHEMA
12:21:20.931 [main] TRACE - Reading unresolved handles for type system org.apache.xmlbeans.metadata.system.sXMLLANG
12:21:20.931 [main] TRACE - Finished loading type system org.apache.xmlbeans.metadata.system.sXMLLANG
12:21:20.932 [main] TRACE - Reading unresolved handles for type system org.apache.xmlbeans.metadata.system.sXMLCONFIG
12:21:20.933 [main] TRACE - Finished loading type system org.apache.xmlbeans.metadata.system.sXMLCONFIG
12:21:20.934 [main] TRACE - Reading unresolved handles for type system org.apache.poi.schemas.ooxml.system.ooxml
12:21:20.973 [main] TRACE - Finished loading type system org.apache.poi.schemas.ooxml.system.ooxml
12:21:20.974 [main] TRACE - Resolving type for handle themefd26doctype
12:21:21.010 [main] TRACE - Resolving type for handle stylesheet5d8bdoctype
12:21:21.013 [main] TRACE - Resolving type for handle ctstylesheet4257type
12:21:21.015 [main] TRACE - Resolving type for handle ctfonts6623type
12:21:21.017 [main] TRACE - Resolving type for handle ctfont14d8type
12:21:21.023 [main] TRACE - Resolving type for handle ctfills2c6ftype
12:21:21.025 [main] TRACE - Resolving type for handle ctfill550ctype
12:21:21.027 [main] TRACE - Resolving type for handle ctborders0d66type
12:21:21.030 [main] TRACE - Resolving type for handle ctborderf935type
12:21:21.033 [main] TRACE - Resolving type for handle ctcellxfs1322type
12:21:21.035 [main] TRACE - Resolving type for handle ctxf97f7type
12:21:21.038 [main] TRACE - Resolving type for handle ctcellstylexfsa81ftype
12:21:21.039 [main] TRACE - Resolving type for handle ctdxfsb26atype
12:21:21.041 [main] TRACE - Resolving type for handle cttablestyles872ftype
12:21:21.044 [main] TRACE - Resolving type for handle sstf81fdoctype
12:21:21.049 [main] TRACE - Resolving type for handle ctsst44f3type
12:21:21.055 [main] TRACE - Resolving type for handle ctrsta472type
12:21:21.068 [main] DEBUG - using default POIXMLDocumentPart for http://schemas.openxmlformats.org/officeDocument/2006/relationships/printerSettings
12:21:21.069 [main] TRACE - Resolving type for handle workbookec17doctype
12:21:21.073 [main] TRACE - Resolving type for handle ctworkbook83c3type
12:21:21.076 [main] TRACE - Resolving type for handle ctsheets49fdtype
12:21:21.078 [main] TRACE - Resolving type for handle ctsheet4dbetype
12:21:21.080 [main] TRACE - Resolving type for handle strelationshipid1e94type
12:21:21.081 [main] TRACE - Resolving type for handle worksheetf539doctype
12:21:21.086 [main] TRACE - Resolving type for handle ctworksheet530dtype
12:21:21.092 [main] TRACE - Resolving type for handle ctsheetdata8408type
12:21:21.094 [main] TRACE - Resolving type for handle ctrowdd39type
12:21:21.097 [main] TRACE - Resolving type for handle ctcell842btype
12:21:21.101 [main] TRACE - Resolving type for handle stcellrefe4e0type
12:21:21.106 [main] TRACE - Resolving type for handle ctcols627ctype
12:21:21.110 [main] TRACE - Resolving type for handle ctcola95ftype
12:21:21.121 [main] TRACE - Resolving type for handle cthyperlinks6416type
12:21:21.123 [main] TRACE - Resolving type for handle cthyperlink0c85type
12:21:21.137 [main] TRACE - Resolving type for handle stxstringf179type
12:21:21.139 [main] TRACE - Resolving type for handle stcelltypebf95type
12:21:21.156 [main] INFO  - Entering email and password.. 
12:21:26.967 [main] INFO  - Logged in successfully
12:21:31.279 [main] DEBUG - Parsing relationship: /xl/_rels/workbook.xml.rels
12:21:31.280 [main] DEBUG - Parsing relationship: /xl/worksheets/_rels/sheet1.xml.rels
12:21:31.282 [main] DEBUG - Parsing relationship: /xl/worksheets/_rels/sheet2.xml.rels
12:21:31.283 [main] DEBUG - Parsing relationship: /_rels/.rels
12:21:31.294 [main] DEBUG - using default POIXMLDocumentPart for http://schemas.openxmlformats.org/officeDocument/2006/relationships/printerSettings
12:21:31.312 [main] INFO  - Entering email and password.. 
12:21:37.848 [main] INFO  - Login failure
12:21:41.934 [main] DEBUG - Parsing relationship: /xl/_rels/workbook.xml.rels
12:21:41.938 [main] DEBUG - Parsing relationship: /xl/worksheets/_rels/sheet1.xml.rels
12:21:41.938 [main] DEBUG - Parsing relationship: /xl/worksheets/_rels/sheet2.xml.rels
12:21:41.938 [main] DEBUG - Parsing relationship: /_rels/.rels
12:21:42.058 [main] DEBUG - using default POIXMLDocumentPart for http://schemas.openxmlformats.org/officeDocument/2006/relationships/printerSettings
12:21:42.132 [main] INFO  - Entering email and password.. 
12:21:48.600 [main] INFO  - Login failure
12:21:53.173 [main] DEBUG - Parsing relationship: /xl/_rels/workbook.xml.rels
12:21:53.174 [main] DEBUG - Parsing relationship: /xl/worksheets/_rels/sheet1.xml.rels
12:21:53.174 [main] DEBUG - Parsing relationship: /xl/worksheets/_rels/sheet2.xml.rels
12:21:53.175 [main] DEBUG - Parsing relationship: /_rels/.rels
12:21:53.186 [main] DEBUG - using default POIXMLDocumentPart for http://schemas.openxmlformats.org/officeDocument/2006/relationships/printerSettings
12:21:53.198 [main] INFO  - Entering email and password.. 
12:21:59.694 [main] INFO  - Login failure
12:22:06.568 [main] DEBUG - Parsing relationship: /xl/_rels/workbook.xml.rels
12:22:06.569 [main] DEBUG - Parsing relationship: /xl/worksheets/_rels/sheet1.xml.rels
12:22:06.570 [main] DEBUG - Parsing relationship: /xl/worksheets/_rels/sheet2.xml.rels
12:22:06.572 [main] DEBUG - Parsing relationship: /_rels/.rels
12:22:06.582 [main] DEBUG - using default POIXMLDocumentPart for http://schemas.openxmlformats.org/officeDocument/2006/relationships/printerSettings
12:22:16.150 [main] DEBUG - Parsing relationship: /xl/_rels/workbook.xml.rels
12:22:16.151 [main] DEBUG - Parsing relationship: /xl/worksheets/_rels/sheet1.xml.rels
12:22:16.151 [main] DEBUG - Parsing relationship: /xl/worksheets/_rels/sheet2.xml.rels
12:22:16.153 [main] DEBUG - Parsing relationship: /_rels/.rels
12:22:16.160 [main] DEBUG - using default POIXMLDocumentPart for http://schemas.openxmlformats.org/officeDocument/2006/relationships/printerSettings
