17:42:03.947 [main] TRACE - Resolving type for handle strelationshipid1e94type
17:42:03.951 [main] TRACE - Resolving type for handle worksheetf539doctype
17:42:03.960 [main] TRACE - Resolving type for handle ctworksheet530dtype
17:42:03.969 [main] TRACE - Resolving type for handle ctsheetdata8408type
17:42:03.971 [main] TRACE - Resolving type for handle ctrowdd39type
17:42:03.974 [main] TRACE - Resolving type for handle ctcell842btype
17:42:03.977 [main] TRACE - Resolving type for handle stcellrefe4e0type
17:42:03.984 [main] TRACE - Resolving type for handle ctcols627ctype
17:42:03.987 [main] TRACE - Resolving type for handle ctcola95ftype
17:42:04.009 [main] TRACE - Resolving type for handle cthyperlinks6416type
17:42:04.009 [main] TRACE - Resolving type for handle cthyperlink0c85type
17:42:04.014 [main] TRACE - Resolving type for handle stxstringf179type
17:42:04.014 [main] TRACE - Resolving type for handle stcelltypebf95type
17:42:04.025 [main] TRACE - Resolving type for handle stcellstylexfid70c7type
17:42:04.032 [main] TRACE - Resolving type for handle ctsheetdimensiond310type
17:42:04.034 [main] TRACE - Resolving type for handle stref90a2type
17:42:04.046 [main] TRACE - Resolving type for handle ctnumfmtsb58btype
17:42:04.050 [main] TRACE - Resolving type for handle propertiesee84doctype
17:42:04.051 [main] TRACE - Resolving type for handle ctproperties3f10type
17:42:04.055 [main] TRACE - Resolving type for handle properties288cdoctype
17:42:04.056 [main] TRACE - Resolving type for handle ctproperties2c18type
17:42:04.065 [main] DEBUG - Save content types part
17:42:04.112 [main] DEBUG - Save package relationships
17:42:04.115 [main] DEBUG - Save part 'docProps/app.xml'
17:42:04.115 [main] DEBUG - Save part 'docProps/core.xml'
17:42:04.117 [main] DEBUG - Save part 'xl/sharedStrings.xml'
17:42:04.117 [main] DEBUG - Save part 'xl/styles.xml'
17:42:04.117 [main] DEBUG - Save part 'xl/theme/theme1.xml'
17:42:04.117 [main] DEBUG - Save part 'xl/workbook.xml'
17:42:04.118 [main] DEBUG - Save part 'xl/worksheets/sheet1.xml'
17:42:04.119 [main] DEBUG - Save part 'xl/worksheets/sheet2.xml'
17:42:41.952 [main] INFO  - Entering email and password.. 
17:42:43.119 [main] INFO  - clicked on login button...
17:42:48.178 [main] INFO  - logged in successfully
17:42:50.611 [main] DEBUG - Parsing relationship: /xl/_rels/workbook.xml.rels
17:42:50.626 [main] DEBUG - Parsing relationship: /xl/worksheets/_rels/sheet2.xml.rels
17:42:50.627 [main] DEBUG - Parsing relationship: /_rels/.rels
17:42:50.842 [main] TRACE - Loading type system org.apache.poi.schemas.ooxml.system.ooxml
17:42:50.842 [main] TRACE - Loading type system org.apache.xmlbeans.metadata.system.sXMLCONFIG
17:42:50.842 [main] TRACE - Loading type system org.apache.xmlbeans.metadata.system.sXMLLANG
17:42:50.842 [main] TRACE - Loading type system org.apache.xmlbeans.metadata.system.sXMLSCHEMA
17:42:50.842 [main] TRACE - Loading type system org.apache.xmlbeans.metadata.system.sXMLTOOLS
17:42:50.848 [main] TRACE - Reading unresolved handles for type system org.apache.xmlbeans.metadata.system.sXMLTOOLS
17:42:50.866 [main] TRACE - Finished loading type system org.apache.xmlbeans.metadata.system.sXMLTOOLS
17:42:50.867 [main] TRACE - Reading unresolved handles for type system org.apache.xmlbeans.metadata.system.sXMLSCHEMA
17:42:50.874 [main] TRACE - Finished loading type system org.apache.xmlbeans.metadata.system.sXMLSCHEMA
17:42:50.875 [main] TRACE - Reading unresolved handles for type system org.apache.xmlbeans.metadata.system.sXMLLANG
17:42:50.876 [main] TRACE - Finished loading type system org.apache.xmlbeans.metadata.system.sXMLLANG
17:42:50.876 [main] TRACE - Reading unresolved handles for type system org.apache.xmlbeans.metadata.system.sXMLCONFIG
17:42:50.876 [main] TRACE - Finished loading type system org.apache.xmlbeans.metadata.system.sXMLCONFIG
17:42:50.876 [main] TRACE - Reading unresolved handles for type system org.apache.poi.schemas.ooxml.system.ooxml
17:42:50.984 [main] TRACE - Finished loading type system org.apache.poi.schemas.ooxml.system.ooxml
17:42:50.985 [main] TRACE - Resolving type for handle themefd26doctype
17:42:51.062 [main] TRACE - Resolving type for handle stylesheet5d8bdoctype
17:42:51.066 [main] TRACE - Resolving type for handle ctstylesheet4257type
17:42:51.075 [main] TRACE - Resolving type for handle ctnumfmtsb58btype
17:42:51.077 [main] TRACE - Resolving type for handle ctfonts6623type
17:42:51.080 [main] TRACE - Resolving type for handle ctfont14d8type
17:42:51.088 [main] TRACE - Resolving type for handle ctfills2c6ftype
17:42:51.090 [main] TRACE - Resolving type for handle ctfill550ctype
17:42:51.092 [main] TRACE - Resolving type for handle ctborders0d66type
17:42:51.093 [main] TRACE - Resolving type for handle ctborderf935type
17:42:51.093 [main] TRACE - Resolving type for handle ctcellxfs1322type
17:42:51.093 [main] TRACE - Resolving type for handle ctxf97f7type
17:42:51.107 [main] TRACE - Resolving type for handle ctcellstylexfsa81ftype
17:42:51.108 [main] TRACE - Resolving type for handle ctdxfsb26atype
17:42:51.108 [main] TRACE - Resolving type for handle cttablestyles872ftype
17:42:51.108 [main] TRACE - Resolving type for handle sstf81fdoctype
17:42:51.127 [main] TRACE - Resolving type for handle ctsst44f3type
17:42:51.144 [main] TRACE - Resolving type for handle ctrsta472type
17:42:51.190 [main] TRACE - Resolving type for handle workbookec17doctype
17:42:51.193 [main] TRACE - Resolving type for handle ctworkbook83c3type
17:42:51.193 [main] TRACE - Resolving type for handle ctsheets49fdtype
17:42:51.207 [main] TRACE - Resolving type for handle ctsheet4dbetype
17:42:51.208 [main] TRACE - Resolving type for handle strelationshipid1e94type
17:42:51.212 [main] TRACE - Resolving type for handle worksheetf539doctype
17:42:51.225 [main] TRACE - Resolving type for handle ctworksheet530dtype
17:42:51.240 [main] TRACE - Resolving type for handle ctsheetdata8408type
17:42:51.241 [main] TRACE - Resolving type for handle ctrowdd39type
17:42:51.241 [main] TRACE - Resolving type for handle ctcell842btype
17:42:51.257 [main] TRACE - Resolving type for handle stcellrefe4e0type
17:42:51.275 [main] TRACE - Resolving type for handle ctcols627ctype
17:42:51.275 [main] TRACE - Resolving type for handle ctcola95ftype
17:42:51.325 [main] TRACE - Resolving type for handle cthyperlinks6416type
17:42:51.325 [main] TRACE - Resolving type for handle cthyperlink0c85type
17:42:51.342 [main] TRACE - Resolving type for handle stxstringf179type
17:42:51.344 [main] TRACE - Resolving type for handle stcelltypebf95type
17:42:51.358 [main] TRACE - Resolving type for handle stcellstylexfid70c7type
17:42:51.375 [main] TRACE - Resolving type for handle ctsheetdimensiond310type
17:42:51.376 [main] TRACE - Resolving type for handle stref90a2type
17:42:51.429 [main] TRACE - Resolving type for handle propertiesee84doctype
17:42:51.432 [main] TRACE - Resolving type for handle ctproperties3f10type
17:42:51.442 [main] TRACE - Resolving type for handle properties288cdoctype
17:42:51.442 [main] TRACE - Resolving type for handle ctproperties2c18type
17:42:51.459 [main] DEBUG - Save content types part
17:42:51.575 [main] DEBUG - Save package relationships
17:42:51.576 [main] DEBUG - Save part 'docProps/app.xml'
17:42:51.576 [main] DEBUG - Save part 'docProps/core.xml'
17:42:51.576 [main] DEBUG - Save part 'xl/sharedStrings.xml'
17:42:51.576 [main] DEBUG - Save part 'xl/styles.xml'
17:42:51.576 [main] DEBUG - Save part 'xl/theme/theme1.xml'
17:42:51.576 [main] DEBUG - Save part 'xl/workbook.xml'
17:42:51.591 [main] DEBUG - Save part 'xl/worksheets/sheet1.xml'
17:42:51.591 [main] DEBUG - Save part 'xl/worksheets/sheet2.xml'
12:47:07.749 [main] INFO  - Entering email and password.. 
12:47:08.850 [main] INFO  - clicked on login button...
12:47:13.872 [main] INFO  - logged in successfully
12:48:02.838 [main] INFO  - Entering email and password.. 
12:48:03.909 [main] INFO  - clicked on login button...
12:48:08.945 [main] INFO  - logged in successfully
12:49:33.631 [main] INFO  - Entering email and password.. 
12:49:34.779 [main] INFO  - clicked on login button...
12:49:39.813 [main] INFO  - logged in successfully
12:50:41.665 [main] INFO  - Entering email and password.. 
12:50:42.779 [main] INFO  - clicked on login button...
12:50:47.835 [main] INFO  - logged in successfully
12:51:20.770 [main] INFO  - Entering email and password.. 
12:51:21.922 [main] INFO  - clicked on login button...
12:51:26.957 [main] INFO  - logged in successfully
12:54:07.338 [main] INFO  - Entering email and password.. 
12:54:08.425 [main] INFO  - clicked on login button...
12:54:13.665 [main] INFO  - logged in successfully
12:56:55.560 [main] INFO  - Entering email and password.. 
12:56:56.683 [main] INFO  - clicked on login button...
12:57:01.775 [main] INFO  - logged in successfully
13:08:46.664 [main] INFO  - Entering email and password.. 
13:08:47.742 [main] INFO  - clicked on login button...
13:08:52.779 [main] INFO  - logged in successfully
13:14:49.736 [main] INFO  - Entering email and password.. 
13:14:50.901 [main] INFO  - clicked on login button...
13:14:55.938 [main] INFO  - logged in successfully
13:15:54.509 [main] INFO  - Entering email and password.. 
13:15:55.660 [main] INFO  - clicked on login button...
13:16:00.726 [main] INFO  - logged in successfully
13:16:51.047 [main] INFO  - Entering email and password.. 
13:16:52.128 [main] INFO  - clicked on login button...
13:16:57.204 [main] INFO  - logged in successfully
13:18:12.956 [main] INFO  - Entering email and password.. 
13:18:13.996 [main] INFO  - clicked on login button...
13:18:19.033 [main] INFO  - logged in successfully
13:18:40.847 [main] INFO  - Entering email and password.. 
13:18:41.976 [main] INFO  - clicked on login button...
13:18:47.007 [main] INFO  - logged in successfully
13:19:41.964 [main] INFO  - Entering email and password.. 
13:19:43.087 [main] INFO  - clicked on login button...
13:19:48.128 [main] INFO  - logged in successfully
13:21:05.808 [main] INFO  - Entering email and password.. 
13:21:06.981 [main] INFO  - clicked on login button...
13:21:12.022 [main] INFO  - logged in successfully
13:22:41.442 [main] INFO  - Entering email and password.. 
13:22:42.526 [main] INFO  - clicked on login button...
13:22:47.612 [main] INFO  - logged in successfully
13:23:31.125 [main] INFO  - Entering email and password.. 
13:23:32.229 [main] INFO  - clicked on login button...
13:23:37.264 [main] INFO  - logged in successfully
13:41:00.878 [main] INFO  - Entering email and password.. 
13:41:01.966 [main] INFO  - clicked on login button...
13:41:07.015 [main] INFO  - logged in successfully
13:41:31.266 [main] INFO  - Entering email and password.. 
13:41:32.363 [main] INFO  - clicked on login button...
13:41:37.404 [main] INFO  - logged in successfully
13:43:01.184 [main] INFO  - Entering email and password.. 
13:43:02.315 [main] INFO  - clicked on login button...
13:43:07.351 [main] INFO  - logged in successfully
13:43:38.213 [main] INFO  - Entering email and password.. 
13:43:39.239 [main] INFO  - clicked on login button...
13:43:44.286 [main] INFO  - logged in successfully
14:27:08.189 [main] INFO  - Entering email and password.. 
14:27:09.482 [main] INFO  - clicked on login button...
14:27:14.548 [main] INFO  - logged in successfully
14:27:14.790 [main] DEBUG - Parsing relationship: /xl/_rels/workbook.xml.rels
14:27:14.803 [main] DEBUG - Parsing relationship: /xl/worksheets/_rels/sheet2.xml.rels
14:27:14.806 [main] DEBUG - Parsing relationship: /_rels/.rels
14:27:15.141 [main] TRACE - Loading type system org.apache.poi.schemas.ooxml.system.ooxml
14:27:15.141 [main] TRACE - Loading type system org.apache.xmlbeans.metadata.system.sXMLCONFIG
14:27:15.141 [main] TRACE - Loading type system org.apache.xmlbeans.metadata.system.sXMLLANG
14:27:15.141 [main] TRACE - Loading type system org.apache.xmlbeans.metadata.system.sXMLSCHEMA
14:27:15.141 [main] TRACE - Loading type system org.apache.xmlbeans.metadata.system.sXMLTOOLS
14:27:15.141 [main] TRACE - Reading unresolved handles for type system org.apache.xmlbeans.metadata.system.sXMLTOOLS
14:27:15.173 [main] TRACE - Finished loading type system org.apache.xmlbeans.metadata.system.sXMLTOOLS
14:27:15.173 [main] TRACE - Reading unresolved handles for type system org.apache.xmlbeans.metadata.system.sXMLSCHEMA
14:27:15.190 [main] TRACE - Finished loading type system org.apache.xmlbeans.metadata.system.sXMLSCHEMA
14:27:15.190 [main] TRACE - Reading unresolved handles for type system org.apache.xmlbeans.metadata.system.sXMLLANG
14:27:15.190 [main] TRACE - Finished loading type system org.apache.xmlbeans.metadata.system.sXMLLANG
14:27:15.190 [main] TRACE - Reading unresolved handles for type system org.apache.xmlbeans.metadata.system.sXMLCONFIG
14:27:15.190 [main] TRACE - Finished loading type system org.apache.xmlbeans.metadata.system.sXMLCONFIG
14:27:15.190 [main] TRACE - Reading unresolved handles for type system org.apache.poi.schemas.ooxml.system.ooxml
14:27:15.293 [main] TRACE - Finished loading type system org.apache.poi.schemas.ooxml.system.ooxml
14:27:15.294 [main] TRACE - Resolving type for handle themefd26doctype
14:27:15.357 [main] TRACE - Resolving type for handle stylesheet5d8bdoctype
14:27:15.376 [main] TRACE - Resolving type for handle ctstylesheet4257type
14:27:15.381 [main] TRACE - Resolving type for handle ctfonts6623type
14:27:15.386 [main] TRACE - Resolving type for handle ctfont14d8type
14:27:15.391 [main] TRACE - Resolving type for handle ctfills2c6ftype
14:27:15.391 [main] TRACE - Resolving type for handle ctfill550ctype
14:27:15.391 [main] TRACE - Resolving type for handle ctborders0d66type
14:27:15.400 [main] TRACE - Resolving type for handle ctborderf935type
14:27:15.406 [main] TRACE - Resolving type for handle ctcellxfs1322type
14:27:15.407 [main] TRACE - Resolving type for handle ctxf97f7type
14:27:15.407 [main] TRACE - Resolving type for handle ctcellstylexfsa81ftype
14:27:15.407 [main] TRACE - Resolving type for handle ctdxfsb26atype
14:27:15.407 [main] TRACE - Resolving type for handle cttablestyles872ftype
14:27:15.422 [main] TRACE - Resolving type for handle sstf81fdoctype
14:27:15.432 [main] TRACE - Resolving type for handle ctsst44f3type
14:27:15.440 [main] TRACE - Resolving type for handle ctrsta472type
14:27:15.490 [main] TRACE - Resolving type for handle workbookec17doctype
14:27:15.490 [main] TRACE - Resolving type for handle ctworkbook83c3type
14:27:15.490 [main] TRACE - Resolving type for handle ctsheets49fdtype
14:27:15.506 [main] TRACE - Resolving type for handle ctsheet4dbetype
14:27:15.508 [main] TRACE - Resolving type for handle strelationshipid1e94type
14:27:15.512 [main] TRACE - Resolving type for handle worksheetf539doctype
14:27:15.523 [main] TRACE - Resolving type for handle ctworksheet530dtype
14:27:15.545 [main] TRACE - Resolving type for handle ctsheetdata8408type
14:27:15.549 [main] TRACE - Resolving type for handle ctrowdd39type
14:27:15.557 [main] TRACE - Resolving type for handle ctcell842btype
14:27:15.557 [main] TRACE - Resolving type for handle stcellrefe4e0type
14:27:15.590 [main] TRACE - Resolving type for handle ctcols627ctype
14:27:15.590 [main] TRACE - Resolving type for handle ctcola95ftype
14:27:15.657 [main] TRACE - Resolving type for handle cthyperlinks6416type
14:27:15.657 [main] TRACE - Resolving type for handle cthyperlink0c85type
14:27:15.685 [main] TRACE - Resolving type for handle stxstringf179type
14:27:15.688 [main] TRACE - Resolving type for handle stcelltypebf95type
14:27:15.707 [main] TRACE - Resolving type for handle stcellstylexfid70c7type
14:27:15.739 [main] TRACE - Resolving type for handle ctsheetdimensiond310type
14:27:15.741 [main] TRACE - Resolving type for handle stref90a2type
14:27:15.791 [main] TRACE - Resolving type for handle ctnumfmtsb58btype
14:27:15.806 [main] TRACE - Resolving type for handle propertiesee84doctype
14:27:15.809 [main] TRACE - Resolving type for handle ctproperties3f10type
14:27:15.817 [main] TRACE - Resolving type for handle properties288cdoctype
14:27:15.820 [main] TRACE - Resolving type for handle ctproperties2c18type
14:27:15.840 [main] DEBUG - Save content types part
14:27:15.924 [main] DEBUG - Save package relationships
14:27:15.940 [main] DEBUG - Save part 'docProps/app.xml'
14:27:15.940 [main] DEBUG - Save part 'docProps/core.xml'
14:27:15.944 [main] DEBUG - Save part 'xl/sharedStrings.xml'
14:27:15.945 [main] DEBUG - Save part 'xl/styles.xml'
14:27:15.945 [main] DEBUG - Save part 'xl/theme/theme1.xml'
14:27:15.946 [main] DEBUG - Save part 'xl/workbook.xml'
14:27:15.948 [main] DEBUG - Save part 'xl/worksheets/sheet1.xml'
14:27:15.949 [main] DEBUG - Save part 'xl/worksheets/sheet2.xml'
15:56:49.969 [main] INFO  - Entering email and password.. 
15:56:51.329 [main] INFO  - clicked on login button...
15:56:56.345 [main] INFO  - logged in successfully
15:56:56.426 [main] DEBUG - Parsing relationship: /xl/_rels/workbook.xml.rels
15:56:56.428 [main] DEBUG - Parsing relationship: /xl/worksheets/_rels/sheet2.xml.rels
15:56:56.430 [main] DEBUG - Parsing relationship: /_rels/.rels
15:56:56.545 [main] TRACE - Loading type system org.apache.poi.schemas.ooxml.system.ooxml
15:56:56.547 [main] TRACE - Loading type system org.apache.xmlbeans.metadata.system.sXMLCONFIG
15:56:56.548 [main] TRACE - Loading type system org.apache.xmlbeans.metadata.system.sXMLLANG
15:56:56.548 [main] TRACE - Loading type system org.apache.xmlbeans.metadata.system.sXMLSCHEMA
15:56:56.548 [main] TRACE - Loading type system org.apache.xmlbeans.metadata.system.sXMLTOOLS
15:56:56.549 [main] TRACE - Reading unresolved handles for type system org.apache.xmlbeans.metadata.system.sXMLTOOLS
15:56:56.558 [main] TRACE - Finished loading type system org.apache.xmlbeans.metadata.system.sXMLTOOLS
15:56:56.558 [main] TRACE - Reading unresolved handles for type system org.apache.xmlbeans.metadata.system.sXMLSCHEMA
15:56:56.560 [main] TRACE - Finished loading type system org.apache.xmlbeans.metadata.system.sXMLSCHEMA
15:56:56.561 [main] TRACE - Reading unresolved handles for type system org.apache.xmlbeans.metadata.system.sXMLLANG
15:56:56.562 [main] TRACE - Finished loading type system org.apache.xmlbeans.metadata.system.sXMLLANG
15:56:56.562 [main] TRACE - Reading unresolved handles for type system org.apache.xmlbeans.metadata.system.sXMLCONFIG
15:56:56.563 [main] TRACE - Finished loading type system org.apache.xmlbeans.metadata.system.sXMLCONFIG
15:56:56.563 [main] TRACE - Reading unresolved handles for type system org.apache.poi.schemas.ooxml.system.ooxml
15:56:56.592 [main] TRACE - Finished loading type system org.apache.poi.schemas.ooxml.system.ooxml
15:56:56.592 [main] TRACE - Resolving type for handle themefd26doctype
15:56:56.625 [main] TRACE - Resolving type for handle stylesheet5d8bdoctype
15:56:56.628 [main] TRACE - Resolving type for handle ctstylesheet4257type
15:56:56.631 [main] TRACE - Resolving type for handle ctnumfmtsb58btype
15:56:56.633 [main] TRACE - Resolving type for handle ctfonts6623type
15:56:56.635 [main] TRACE - Resolving type for handle ctfont14d8type
15:56:56.638 [main] TRACE - Resolving type for handle ctfills2c6ftype
15:56:56.641 [main] TRACE - Resolving type for handle ctfill550ctype
15:56:56.642 [main] TRACE - Resolving type for handle ctborders0d66type
15:56:56.643 [main] TRACE - Resolving type for handle ctborderf935type
15:56:56.645 [main] TRACE - Resolving type for handle ctcellxfs1322type
15:56:56.647 [main] TRACE - Resolving type for handle ctxf97f7type
15:56:56.648 [main] TRACE - Resolving type for handle ctcellstylexfsa81ftype
15:56:56.649 [main] TRACE - Resolving type for handle ctdxfsb26atype
15:56:56.650 [main] TRACE - Resolving type for handle cttablestyles872ftype
15:56:56.651 [main] TRACE - Resolving type for handle sstf81fdoctype
15:56:56.658 [main] TRACE - Resolving type for handle ctsst44f3type
15:56:56.663 [main] TRACE - Resolving type for handle ctrsta472type
15:56:56.685 [main] TRACE - Resolving type for handle workbookec17doctype
15:56:56.690 [main] TRACE - Resolving type for handle ctworkbook83c3type
15:56:56.694 [main] TRACE - Resolving type for handle ctsheets49fdtype
15:56:56.695 [main] TRACE - Resolving type for handle ctsheet4dbetype
15:56:56.697 [main] TRACE - Resolving type for handle strelationshipid1e94type
15:56:56.698 [main] TRACE - Resolving type for handle worksheetf539doctype
15:56:56.705 [main] TRACE - Resolving type for handle ctworksheet530dtype
15:56:56.709 [main] TRACE - Resolving type for handle ctsheetdata8408type
15:56:56.711 [main] TRACE - Resolving type for handle ctrowdd39type
15:56:56.715 [main] TRACE - Resolving type for handle ctcell842btype
15:56:56.721 [main] TRACE - Resolving type for handle stcellrefe4e0type
15:56:56.735 [main] TRACE - Resolving type for handle ctcols627ctype
15:56:56.739 [main] TRACE - Resolving type for handle ctcola95ftype
15:56:56.772 [main] TRACE - Resolving type for handle cthyperlinks6416type
15:56:56.774 [main] TRACE - Resolving type for handle cthyperlink0c85type
15:56:56.780 [main] TRACE - Resolving type for handle stxstringf179type
15:56:56.782 [main] TRACE - Resolving type for handle stcelltypebf95type
15:57:42.778 [main] INFO  - Entering email and password.. 
15:57:43.960 [main] INFO  - clicked on login button...
15:57:48.984 [main] INFO  - logged in successfully
15:57:49.074 [main] DEBUG - Parsing relationship: /xl/_rels/workbook.xml.rels
15:57:49.082 [main] DEBUG - Parsing relationship: /xl/worksheets/_rels/sheet2.xml.rels
15:57:49.083 [main] DEBUG - Parsing relationship: /_rels/.rels
15:57:49.159 [main] TRACE - Loading type system org.apache.poi.schemas.ooxml.system.ooxml
15:57:49.160 [main] TRACE - Loading type system org.apache.xmlbeans.metadata.system.sXMLCONFIG
15:57:49.160 [main] TRACE - Loading type system org.apache.xmlbeans.metadata.system.sXMLLANG
15:57:49.161 [main] TRACE - Loading type system org.apache.xmlbeans.metadata.system.sXMLSCHEMA
15:57:49.161 [main] TRACE - Loading type system org.apache.xmlbeans.metadata.system.sXMLTOOLS
15:57:49.162 [main] TRACE - Reading unresolved handles for type system org.apache.xmlbeans.metadata.system.sXMLTOOLS
15:57:49.169 [main] TRACE - Finished loading type system org.apache.xmlbeans.metadata.system.sXMLTOOLS
15:57:49.170 [main] TRACE - Reading unresolved handles for type system org.apache.xmlbeans.metadata.system.sXMLSCHEMA
15:57:49.172 [main] TRACE - Finished loading type system org.apache.xmlbeans.metadata.system.sXMLSCHEMA
15:57:49.173 [main] TRACE - Reading unresolved handles for type system org.apache.xmlbeans.metadata.system.sXMLLANG
15:57:49.173 [main] TRACE - Finished loading type system org.apache.xmlbeans.metadata.system.sXMLLANG
15:57:49.174 [main] TRACE - Reading unresolved handles for type system org.apache.xmlbeans.metadata.system.sXMLCONFIG
15:57:49.175 [main] TRACE - Finished loading type system org.apache.xmlbeans.metadata.system.sXMLCONFIG
15:57:49.176 [main] TRACE - Reading unresolved handles for type system org.apache.poi.schemas.ooxml.system.ooxml
15:57:49.206 [main] TRACE - Finished loading type system org.apache.poi.schemas.ooxml.system.ooxml
15:57:49.207 [main] TRACE - Resolving type for handle themefd26doctype
15:57:49.246 [main] TRACE - Resolving type for handle stylesheet5d8bdoctype
15:57:49.250 [main] TRACE - Resolving type for handle ctstylesheet4257type
15:57:49.253 [main] TRACE - Resolving type for handle ctnumfmtsb58btype
15:57:49.254 [main] TRACE - Resolving type for handle ctfonts6623type
15:57:49.254 [main] TRACE - Resolving type for handle ctfont14d8type
15:57:49.257 [main] TRACE - Resolving type for handle ctfills2c6ftype
15:57:49.259 [main] TRACE - Resolving type for handle ctfill550ctype
15:57:49.260 [main] TRACE - Resolving type for handle ctborders0d66type
15:57:49.261 [main] TRACE - Resolving type for handle ctborderf935type
15:57:49.264 [main] TRACE - Resolving type for handle ctcellxfs1322type
15:57:49.265 [main] TRACE - Resolving type for handle ctxf97f7type
15:57:49.266 [main] TRACE - Resolving type for handle ctcellstylexfsa81ftype
15:57:49.267 [main] TRACE - Resolving type for handle ctdxfsb26atype
15:57:49.268 [main] TRACE - Resolving type for handle cttablestyles872ftype
15:57:49.270 [main] TRACE - Resolving type for handle sstf81fdoctype
15:57:49.274 [main] TRACE - Resolving type for handle ctsst44f3type
15:57:49.280 [main] TRACE - Resolving type for handle ctrsta472type
15:57:49.310 [main] TRACE - Resolving type for handle workbookec17doctype
15:57:49.313 [main] TRACE - Resolving type for handle ctworkbook83c3type
15:57:49.316 [main] TRACE - Resolving type for handle ctsheets49fdtype
15:57:49.317 [main] TRACE - Resolving type for handle ctsheet4dbetype
15:57:49.319 [main] TRACE - Resolving type for handle strelationshipid1e94type
15:57:49.321 [main] TRACE - Resolving type for handle worksheetf539doctype
15:57:49.328 [main] TRACE - Resolving type for handle ctworksheet530dtype
15:57:49.334 [main] TRACE - Resolving type for handle ctsheetdata8408type
15:57:49.335 [main] TRACE - Resolving type for handle ctrowdd39type
15:57:49.338 [main] TRACE - Resolving type for handle ctcell842btype
15:57:49.342 [main] TRACE - Resolving type for handle stcellrefe4e0type
15:57:49.351 [main] TRACE - Resolving type for handle ctcols627ctype
15:57:49.353 [main] TRACE - Resolving type for handle ctcola95ftype
15:57:49.373 [main] TRACE - Resolving type for handle cthyperlinks6416type
15:57:49.374 [main] TRACE - Resolving type for handle cthyperlink0c85type
15:57:49.380 [main] TRACE - Resolving type for handle stxstringf179type
15:57:49.381 [main] TRACE - Resolving type for handle stcelltypebf95type
15:57:49.409 [main] TRACE - Resolving type for handle stcellstylexfid70c7type
15:57:49.412 [main] TRACE - Resolving type for handle ctsheetdimensiond310type
15:57:49.413 [main] TRACE - Resolving type for handle stref90a2type
15:57:49.430 [main] TRACE - Resolving type for handle propertiesee84doctype
15:57:49.432 [main] TRACE - Resolving type for handle ctproperties3f10type
15:57:49.437 [main] TRACE - Resolving type for handle properties288cdoctype
15:57:49.438 [main] TRACE - Resolving type for handle ctproperties2c18type
15:57:49.449 [main] DEBUG - Save content types part
15:57:49.503 [main] DEBUG - Save package relationships
15:57:49.506 [main] DEBUG - Save part 'docProps/app.xml'
15:57:49.507 [main] DEBUG - Save part 'docProps/core.xml'
15:57:49.510 [main] DEBUG - Save part 'xl/sharedStrings.xml'
15:57:49.510 [main] DEBUG - Save part 'xl/styles.xml'
15:57:49.511 [main] DEBUG - Save part 'xl/theme/theme1.xml'
15:57:49.511 [main] DEBUG - Save part 'xl/workbook.xml'
15:57:49.513 [main] DEBUG - Save part 'xl/worksheets/sheet1.xml'
15:57:49.514 [main] DEBUG - Save part 'xl/worksheets/sheet2.xml'
16:00:12.839 [main] INFO  - Entering email and password.. 
16:00:13.941 [main] INFO  - clicked on login button...
16:00:18.972 [main] INFO  - logged in successfully
16:00:19.046 [main] DEBUG - Parsing relationship: /xl/_rels/workbook.xml.rels
16:00:19.048 [main] DEBUG - Parsing relationship: /xl/worksheets/_rels/sheet2.xml.rels
16:00:19.049 [main] DEBUG - Parsing relationship: /_rels/.rels
16:00:19.136 [main] TRACE - Loading type system org.apache.poi.schemas.ooxml.system.ooxml
16:00:19.138 [main] TRACE - Loading type system org.apache.xmlbeans.metadata.system.sXMLCONFIG
16:00:19.138 [main] TRACE - Loading type system org.apache.xmlbeans.metadata.system.sXMLLANG
16:00:19.139 [main] TRACE - Loading type system org.apache.xmlbeans.metadata.system.sXMLSCHEMA
16:00:19.139 [main] TRACE - Loading type system org.apache.xmlbeans.metadata.system.sXMLTOOLS
16:00:19.140 [main] TRACE - Reading unresolved handles for type system org.apache.xmlbeans.metadata.system.sXMLTOOLS
16:00:19.146 [main] TRACE - Finished loading type system org.apache.xmlbeans.metadata.system.sXMLTOOLS
16:00:19.146 [main] TRACE - Reading unresolved handles for type system org.apache.xmlbeans.metadata.system.sXMLSCHEMA
16:00:19.148 [main] TRACE - Finished loading type system org.apache.xmlbeans.metadata.system.sXMLSCHEMA
16:00:19.149 [main] TRACE - Reading unresolved handles for type system org.apache.xmlbeans.metadata.system.sXMLLANG
16:00:19.150 [main] TRACE - Finished loading type system org.apache.xmlbeans.metadata.system.sXMLLANG
16:00:19.150 [main] TRACE - Reading unresolved handles for type system org.apache.xmlbeans.metadata.system.sXMLCONFIG
16:00:19.150 [main] TRACE - Finished loading type system org.apache.xmlbeans.metadata.system.sXMLCONFIG
16:00:19.150 [main] TRACE - Reading unresolved handles for type system org.apache.poi.schemas.ooxml.system.ooxml
16:00:19.182 [main] TRACE - Finished loading type system org.apache.poi.schemas.ooxml.system.ooxml
16:00:19.182 [main] TRACE - Resolving type for handle themefd26doctype
16:00:19.212 [main] TRACE - Resolving type for handle stylesheet5d8bdoctype
16:00:19.215 [main] TRACE - Resolving type for handle ctstylesheet4257type
16:00:19.216 [main] TRACE - Resolving type for handle ctnumfmtsb58btype
16:00:19.217 [main] TRACE - Resolving type for handle ctfonts6623type
16:00:19.218 [main] TRACE - Resolving type for handle ctfont14d8type
16:00:19.221 [main] TRACE - Resolving type for handle ctfills2c6ftype
16:00:19.222 [main] TRACE - Resolving type for handle ctfill550ctype
16:00:19.223 [main] TRACE - Resolving type for handle ctborders0d66type
16:00:19.224 [main] TRACE - Resolving type for handle ctborderf935type
16:00:19.226 [main] TRACE - Resolving type for handle ctcellxfs1322type
16:00:19.227 [main] TRACE - Resolving type for handle ctxf97f7type
16:00:19.228 [main] TRACE - Resolving type for handle ctcellstylexfsa81ftype
16:00:19.229 [main] TRACE - Resolving type for handle ctdxfsb26atype
16:00:19.231 [main] TRACE - Resolving type for handle cttablestyles872ftype
16:00:19.233 [main] TRACE - Resolving type for handle sstf81fdoctype
16:00:19.236 [main] TRACE - Resolving type for handle ctsst44f3type
16:00:19.242 [main] TRACE - Resolving type for handle ctrsta472type
16:00:19.269 [main] TRACE - Resolving type for handle workbookec17doctype
16:00:19.272 [main] TRACE - Resolving type for handle ctworkbook83c3type
16:00:19.277 [main] TRACE - Resolving type for handle ctsheets49fdtype
16:00:19.279 [main] TRACE - Resolving type for handle ctsheet4dbetype
16:00:19.280 [main] TRACE - Resolving type for handle strelationshipid1e94type
16:00:19.282 [main] TRACE - Resolving type for handle worksheetf539doctype
16:00:19.290 [main] TRACE - Resolving type for handle ctworksheet530dtype
16:00:19.294 [main] TRACE - Resolving type for handle ctsheetdata8408type
16:00:19.295 [main] TRACE - Resolving type for handle ctrowdd39type
16:00:19.298 [main] TRACE - Resolving type for handle ctcell842btype
16:00:19.301 [main] TRACE - Resolving type for handle stcellrefe4e0type
16:00:19.308 [main] TRACE - Resolving type for handle ctcols627ctype
16:00:19.311 [main] TRACE - Resolving type for handle ctcola95ftype
16:00:19.329 [main] TRACE - Resolving type for handle cthyperlinks6416type
16:00:19.330 [main] TRACE - Resolving type for handle cthyperlink0c85type
16:00:19.337 [main] TRACE - Resolving type for handle stxstringf179type
16:00:19.337 [main] TRACE - Resolving type for handle stcelltypebf95type
16:00:19.369 [main] TRACE - Resolving type for handle stcellstylexfid70c7type
16:00:19.373 [main] TRACE - Resolving type for handle ctsheetdimensiond310type
16:00:19.375 [main] TRACE - Resolving type for handle stref90a2type
16:00:19.391 [main] TRACE - Resolving type for handle propertiesee84doctype
16:00:19.393 [main] TRACE - Resolving type for handle ctproperties3f10type
16:00:19.399 [main] TRACE - Resolving type for handle properties288cdoctype
16:00:19.400 [main] TRACE - Resolving type for handle ctproperties2c18type
16:00:19.410 [main] DEBUG - Save content types part
16:00:19.445 [main] DEBUG - Save package relationships
16:00:19.447 [main] DEBUG - Save part 'docProps/app.xml'
16:00:19.447 [main] DEBUG - Save part 'docProps/core.xml'
16:00:19.449 [main] DEBUG - Save part 'xl/sharedStrings.xml'
16:00:19.449 [main] DEBUG - Save part 'xl/styles.xml'
16:00:19.449 [main] DEBUG - Save part 'xl/theme/theme1.xml'
16:00:19.449 [main] DEBUG - Save part 'xl/workbook.xml'
16:00:19.450 [main] DEBUG - Save part 'xl/worksheets/sheet1.xml'
16:00:19.451 [main] DEBUG - Save part 'xl/worksheets/sheet2.xml'
16:02:03.680 [main] INFO  - Entering email and password.. 
16:02:04.774 [main] INFO  - clicked on login button...
16:02:09.838 [main] INFO  - logged in successfully
16:02:10.055 [main] DEBUG - Parsing relationship: /xl/_rels/workbook.xml.rels
16:02:10.055 [main] DEBUG - Parsing relationship: /xl/worksheets/_rels/sheet2.xml.rels
16:02:10.055 [main] DEBUG - Parsing relationship: /_rels/.rels
16:02:10.418 [main] TRACE - Loading type system org.apache.poi.schemas.ooxml.system.ooxml
16:02:10.421 [main] TRACE - Loading type system org.apache.xmlbeans.metadata.system.sXMLCONFIG
16:02:10.421 [main] TRACE - Loading type system org.apache.xmlbeans.metadata.system.sXMLLANG
16:02:10.421 [main] TRACE - Loading type system org.apache.xmlbeans.metadata.system.sXMLSCHEMA
16:02:10.421 [main] TRACE - Loading type system org.apache.xmlbeans.metadata.system.sXMLTOOLS
16:02:10.421 [main] TRACE - Reading unresolved handles for type system org.apache.xmlbeans.metadata.system.sXMLTOOLS
16:02:10.455 [main] TRACE - Finished loading type system org.apache.xmlbeans.metadata.system.sXMLTOOLS
16:02:10.455 [main] TRACE - Reading unresolved handles for type system org.apache.xmlbeans.metadata.system.sXMLSCHEMA
16:02:10.492 [main] TRACE - Finished loading type system org.apache.xmlbeans.metadata.system.sXMLSCHEMA
16:02:10.494 [main] TRACE - Reading unresolved handles for type system org.apache.xmlbeans.metadata.system.sXMLLANG
16:02:10.496 [main] TRACE - Finished loading type system org.apache.xmlbeans.metadata.system.sXMLLANG
16:02:10.497 [main] TRACE - Reading unresolved handles for type system org.apache.xmlbeans.metadata.system.sXMLCONFIG
16:02:10.499 [main] TRACE - Finished loading type system org.apache.xmlbeans.metadata.system.sXMLCONFIG
16:02:10.501 [main] TRACE - Reading unresolved handles for type system org.apache.poi.schemas.ooxml.system.ooxml
16:02:10.605 [main] TRACE - Finished loading type system org.apache.poi.schemas.ooxml.system.ooxml
16:02:10.605 [main] TRACE - Resolving type for handle themefd26doctype
16:02:10.705 [main] TRACE - Resolving type for handle stylesheet5d8bdoctype
16:02:10.710 [main] TRACE - Resolving type for handle ctstylesheet4257type
16:02:10.724 [main] TRACE - Resolving type for handle ctnumfmtsb58btype
16:02:10.728 [main] TRACE - Resolving type for handle ctfonts6623type
16:02:10.735 [main] TRACE - Resolving type for handle ctfont14d8type
16:02:10.739 [main] TRACE - Resolving type for handle ctfills2c6ftype
16:02:10.739 [main] TRACE - Resolving type for handle ctfill550ctype
16:02:10.744 [main] TRACE - Resolving type for handle ctborders0d66type
16:02:10.747 [main] TRACE - Resolving type for handle ctborderf935type
16:02:10.747 [main] TRACE - Resolving type for handle ctcellxfs1322type
16:02:10.751 [main] TRACE - Resolving type for handle ctxf97f7type
16:02:10.756 [main] TRACE - Resolving type for handle ctcellstylexfsa81ftype
16:02:10.756 [main] TRACE - Resolving type for handle ctdxfsb26atype
16:02:10.761 [main] TRACE - Resolving type for handle cttablestyles872ftype
16:02:10.763 [main] TRACE - Resolving type for handle sstf81fdoctype
16:02:10.771 [main] TRACE - Resolving type for handle ctsst44f3type
16:02:10.789 [main] TRACE - Resolving type for handle ctrsta472type
16:02:10.838 [main] TRACE - Resolving type for handle workbookec17doctype
16:02:10.838 [main] TRACE - Resolving type for handle ctworkbook83c3type
16:02:10.838 [main] TRACE - Resolving type for handle ctsheets49fdtype
16:02:10.853 [main] TRACE - Resolving type for handle ctsheet4dbetype
16:02:10.855 [main] TRACE - Resolving type for handle strelationshipid1e94type
16:02:10.857 [main] TRACE - Resolving type for handle worksheetf539doctype
16:02:10.871 [main] TRACE - Resolving type for handle ctworksheet530dtype
16:02:10.871 [main] TRACE - Resolving type for handle ctsheetdata8408type
16:02:10.871 [main] TRACE - Resolving type for handle ctrowdd39type
16:02:10.890 [main] TRACE - Resolving type for handle ctcell842btype
16:02:10.898 [main] TRACE - Resolving type for handle stcellrefe4e0type
16:02:10.921 [main] TRACE - Resolving type for handle ctcols627ctype
16:02:10.921 [main] TRACE - Resolving type for handle ctcola95ftype
16:02:10.973 [main] TRACE - Resolving type for handle cthyperlinks6416type
16:02:10.976 [main] TRACE - Resolving type for handle cthyperlink0c85type
16:02:10.988 [main] TRACE - Resolving type for handle stxstringf179type
16:02:10.988 [main] TRACE - Resolving type for handle stcelltypebf95type
16:02:28.590 [main] INFO  - Entering email and password.. 
16:02:29.707 [main] INFO  - clicked on login button...
16:02:34.733 [main] INFO  - logged in successfully
16:02:34.811 [main] DEBUG - Parsing relationship: /xl/_rels/workbook.xml.rels
16:02:34.814 [main] DEBUG - Parsing relationship: /xl/worksheets/_rels/sheet2.xml.rels
16:02:34.816 [main] DEBUG - Parsing relationship: /_rels/.rels
16:02:34.897 [main] TRACE - Loading type system org.apache.poi.schemas.ooxml.system.ooxml
16:02:34.899 [main] TRACE - Loading type system org.apache.xmlbeans.metadata.system.sXMLCONFIG
16:02:34.899 [main] TRACE - Loading type system org.apache.xmlbeans.metadata.system.sXMLLANG
16:02:34.900 [main] TRACE - Loading type system org.apache.xmlbeans.metadata.system.sXMLSCHEMA
16:02:34.900 [main] TRACE - Loading type system org.apache.xmlbeans.metadata.system.sXMLTOOLS
16:02:34.900 [main] TRACE - Reading unresolved handles for type system org.apache.xmlbeans.metadata.system.sXMLTOOLS
16:02:34.907 [main] TRACE - Finished loading type system org.apache.xmlbeans.metadata.system.sXMLTOOLS
16:02:34.907 [main] TRACE - Reading unresolved handles for type system org.apache.xmlbeans.metadata.system.sXMLSCHEMA
16:02:34.910 [main] TRACE - Finished loading type system org.apache.xmlbeans.metadata.system.sXMLSCHEMA
16:02:34.910 [main] TRACE - Reading unresolved handles for type system org.apache.xmlbeans.metadata.system.sXMLLANG
16:02:34.911 [main] TRACE - Finished loading type system org.apache.xmlbeans.metadata.system.sXMLLANG
16:02:34.912 [main] TRACE - Reading unresolved handles for type system org.apache.xmlbeans.metadata.system.sXMLCONFIG
16:02:34.912 [main] TRACE - Finished loading type system org.apache.xmlbeans.metadata.system.sXMLCONFIG
16:02:34.913 [main] TRACE - Reading unresolved handles for type system org.apache.poi.schemas.ooxml.system.ooxml
16:02:34.949 [main] TRACE - Finished loading type system org.apache.poi.schemas.ooxml.system.ooxml
16:02:34.949 [main] TRACE - Resolving type for handle themefd26doctype
16:02:34.990 [main] TRACE - Resolving type for handle stylesheet5d8bdoctype
16:02:34.995 [main] TRACE - Resolving type for handle ctstylesheet4257type
16:02:34.998 [main] TRACE - Resolving type for handle ctnumfmtsb58btype
16:02:35.000 [main] TRACE - Resolving type for handle ctfonts6623type
16:02:35.002 [main] TRACE - Resolving type for handle ctfont14d8type
16:02:35.007 [main] TRACE - Resolving type for handle ctfills2c6ftype
16:02:35.008 [main] TRACE - Resolving type for handle ctfill550ctype
16:02:35.010 [main] TRACE - Resolving type for handle ctborders0d66type
16:02:35.011 [main] TRACE - Resolving type for handle ctborderf935type
16:02:35.016 [main] TRACE - Resolving type for handle ctcellxfs1322type
16:02:35.017 [main] TRACE - Resolving type for handle ctxf97f7type
16:02:35.019 [main] TRACE - Resolving type for handle ctcellstylexfsa81ftype
16:02:35.020 [main] TRACE - Resolving type for handle ctdxfsb26atype
16:02:35.021 [main] TRACE - Resolving type for handle cttablestyles872ftype
16:02:35.023 [main] TRACE - Resolving type for handle sstf81fdoctype
16:02:35.030 [main] TRACE - Resolving type for handle ctsst44f3type
16:02:35.041 [main] TRACE - Resolving type for handle ctrsta472type
16:02:35.071 [main] TRACE - Resolving type for handle workbookec17doctype
16:02:35.075 [main] TRACE - Resolving type for handle ctworkbook83c3type
16:02:35.078 [main] TRACE - Resolving type for handle ctsheets49fdtype
16:02:35.080 [main] TRACE - Resolving type for handle ctsheet4dbetype
16:02:35.081 [main] TRACE - Resolving type for handle strelationshipid1e94type
16:02:35.083 [main] TRACE - Resolving type for handle worksheetf539doctype
16:02:35.089 [main] TRACE - Resolving type for handle ctworksheet530dtype
16:02:35.095 [main] TRACE - Resolving type for handle ctsheetdata8408type
16:02:35.097 [main] TRACE - Resolving type for handle ctrowdd39type
16:02:35.101 [main] TRACE - Resolving type for handle ctcell842btype
16:02:35.105 [main] TRACE - Resolving type for handle stcellrefe4e0type
16:02:35.116 [main] TRACE - Resolving type for handle ctcols627ctype
16:02:35.119 [main] TRACE - Resolving type for handle ctcola95ftype
16:02:35.136 [main] TRACE - Resolving type for handle cthyperlinks6416type
16:02:35.138 [main] TRACE - Resolving type for handle cthyperlink0c85type
16:02:35.143 [main] TRACE - Resolving type for handle stxstringf179type
16:02:35.144 [main] TRACE - Resolving type for handle stcelltypebf95type
16:02:35.187 [main] TRACE - Resolving type for handle stcellstylexfid70c7type
16:02:35.193 [main] TRACE - Resolving type for handle ctsheetdimensiond310type
16:02:35.195 [main] TRACE - Resolving type for handle stref90a2type
16:02:35.216 [main] TRACE - Resolving type for handle propertiesee84doctype
16:02:35.217 [main] TRACE - Resolving type for handle ctproperties3f10type
16:02:35.223 [main] TRACE - Resolving type for handle properties288cdoctype
16:02:35.224 [main] TRACE - Resolving type for handle ctproperties2c18type
16:02:35.238 [main] DEBUG - Save content types part
16:02:35.307 [main] DEBUG - Save package relationships
16:02:35.311 [main] DEBUG - Save part 'docProps/app.xml'
16:02:35.312 [main] DEBUG - Save part 'docProps/core.xml'
16:02:35.315 [main] DEBUG - Save part 'xl/sharedStrings.xml'
16:02:35.315 [main] DEBUG - Save part 'xl/styles.xml'
16:02:35.315 [main] DEBUG - Save part 'xl/theme/theme1.xml'
16:02:35.316 [main] DEBUG - Save part 'xl/workbook.xml'
16:02:35.317 [main] DEBUG - Save part 'xl/worksheets/sheet1.xml'
16:02:35.317 [main] DEBUG - Save part 'xl/worksheets/sheet2.xml'
16:43:33.026 [main] INFO  - Entering email and password.. 
16:43:34.223 [main] INFO  - clicked on login button...
16:43:39.265 [main] INFO  - logged in successfully
16:43:39.444 [main] DEBUG - Parsing relationship: /xl/_rels/workbook.xml.rels
16:43:39.444 [main] DEBUG - Parsing relationship: /xl/worksheets/_rels/sheet2.xml.rels
16:43:39.463 [main] DEBUG - Parsing relationship: /_rels/.rels
16:43:39.694 [main] TRACE - Loading type system org.apache.poi.schemas.ooxml.system.ooxml
16:43:39.694 [main] TRACE - Loading type system org.apache.xmlbeans.metadata.system.sXMLCONFIG
16:43:39.694 [main] TRACE - Loading type system org.apache.xmlbeans.metadata.system.sXMLLANG
16:43:39.694 [main] TRACE - Loading type system org.apache.xmlbeans.metadata.system.sXMLSCHEMA
16:43:39.694 [main] TRACE - Loading type system org.apache.xmlbeans.metadata.system.sXMLTOOLS
16:43:39.694 [main] TRACE - Reading unresolved handles for type system org.apache.xmlbeans.metadata.system.sXMLTOOLS
16:43:39.725 [main] TRACE - Finished loading type system org.apache.xmlbeans.metadata.system.sXMLTOOLS
16:43:39.727 [main] TRACE - Reading unresolved handles for type system org.apache.xmlbeans.metadata.system.sXMLSCHEMA
16:43:39.742 [main] TRACE - Finished loading type system org.apache.xmlbeans.metadata.system.sXMLSCHEMA
16:43:39.744 [main] TRACE - Reading unresolved handles for type system org.apache.xmlbeans.metadata.system.sXMLLANG
16:43:39.745 [main] TRACE - Finished loading type system org.apache.xmlbeans.metadata.system.sXMLLANG
16:43:39.747 [main] TRACE - Reading unresolved handles for type system org.apache.xmlbeans.metadata.system.sXMLCONFIG
16:43:39.748 [main] TRACE - Finished loading type system org.apache.xmlbeans.metadata.system.sXMLCONFIG
16:43:39.750 [main] TRACE - Reading unresolved handles for type system org.apache.poi.schemas.ooxml.system.ooxml
16:43:39.860 [main] TRACE - Finished loading type system org.apache.poi.schemas.ooxml.system.ooxml
16:43:39.860 [main] TRACE - Resolving type for handle themefd26doctype
16:43:39.958 [main] TRACE - Resolving type for handle stylesheet5d8bdoctype
16:43:39.975 [main] TRACE - Resolving type for handle ctstylesheet4257type
16:43:39.980 [main] TRACE - Resolving type for handle ctfonts6623type
16:43:39.987 [main] TRACE - Resolving type for handle ctfont14d8type
16:43:40.008 [main] TRACE - Resolving type for handle ctfills2c6ftype
16:43:40.010 [main] TRACE - Resolving type for handle ctfill550ctype
16:43:40.013 [main] TRACE - Resolving type for handle ctborders0d66type
16:43:40.016 [main] TRACE - Resolving type for handle ctborderf935type
16:43:40.020 [main] TRACE - Resolving type for handle ctcellxfs1322type
16:43:40.022 [main] TRACE - Resolving type for handle ctxf97f7type
16:43:40.025 [main] TRACE - Resolving type for handle ctcellstylexfsa81ftype
16:43:40.025 [main] TRACE - Resolving type for handle ctdxfsb26atype
16:43:40.032 [main] TRACE - Resolving type for handle cttablestyles872ftype
16:43:40.036 [main] TRACE - Resolving type for handle sstf81fdoctype
16:43:40.043 [main] TRACE - Resolving type for handle ctsst44f3type
16:43:40.059 [main] TRACE - Resolving type for handle ctrsta472type
16:43:40.102 [main] TRACE - Resolving type for handle workbookec17doctype
16:43:40.111 [main] TRACE - Resolving type for handle ctworkbook83c3type
16:43:40.118 [main] TRACE - Resolving type for handle ctsheets49fdtype
16:43:40.121 [main] TRACE - Resolving type for handle ctsheet4dbetype
16:43:40.125 [main] TRACE - Resolving type for handle strelationshipid1e94type
16:43:40.126 [main] TRACE - Resolving type for handle worksheetf539doctype
16:43:40.142 [main] TRACE - Resolving type for handle ctworksheet530dtype
16:43:40.153 [main] TRACE - Resolving type for handle ctsheetdata8408type
16:43:40.156 [main] TRACE - Resolving type for handle ctrowdd39type
16:43:40.159 [main] TRACE - Resolving type for handle ctcell842btype
16:43:40.166 [main] TRACE - Resolving type for handle stcellrefe4e0type
16:43:40.176 [main] TRACE - Resolving type for handle ctcols627ctype
16:43:40.193 [main] TRACE - Resolving type for handle ctcola95ftype
16:43:40.226 [main] TRACE - Resolving type for handle cthyperlinks6416type
16:43:40.242 [main] TRACE - Resolving type for handle cthyperlink0c85type
16:43:40.242 [main] TRACE - Resolving type for handle stxstringf179type
16:43:40.242 [main] TRACE - Resolving type for handle stcelltypebf95type
16:43:40.343 [main] TRACE - Resolving type for handle stcellstylexfid70c7type
16:43:40.359 [main] TRACE - Resolving type for handle ctsheetdimensiond310type
16:43:40.376 [main] TRACE - Resolving type for handle stref90a2type
16:43:40.426 [main] TRACE - Resolving type for handle ctnumfmtsb58btype
16:43:40.443 [main] TRACE - Resolving type for handle propertiesee84doctype
16:43:40.443 [main] TRACE - Resolving type for handle ctproperties3f10type
16:43:40.443 [main] TRACE - Resolving type for handle properties288cdoctype
16:43:40.459 [main] TRACE - Resolving type for handle ctproperties2c18type
16:43:40.480 [main] DEBUG - Save content types part
16:43:40.577 [main] DEBUG - Save package relationships
16:43:40.595 [main] DEBUG - Save part 'docProps/app.xml'
16:43:40.596 [main] DEBUG - Save part 'docProps/core.xml'
16:43:40.601 [main] DEBUG - Save part 'xl/sharedStrings.xml'
16:43:40.602 [main] DEBUG - Save part 'xl/styles.xml'
16:43:40.603 [main] DEBUG - Save part 'xl/theme/theme1.xml'
16:43:40.603 [main] DEBUG - Save part 'xl/workbook.xml'
16:43:40.606 [main] DEBUG - Save part 'xl/worksheets/sheet1.xml'
16:43:40.606 [main] DEBUG - Save part 'xl/worksheets/sheet2.xml'
17:11:35.025 [main] INFO  - Entering email and password.. 
17:11:36.355 [main] INFO  - clicked on login button...
17:11:41.386 [main] INFO  - logged in successfully
17:11:41.459 [main] DEBUG - Parsing relationship: /xl/_rels/workbook.xml.rels
17:11:41.461 [main] DEBUG - Parsing relationship: /xl/worksheets/_rels/sheet2.xml.rels
17:11:41.462 [main] DEBUG - Parsing relationship: /_rels/.rels
17:11:41.568 [main] TRACE - Loading type system org.apache.poi.schemas.ooxml.system.ooxml
17:11:41.570 [main] TRACE - Loading type system org.apache.xmlbeans.metadata.system.sXMLCONFIG
17:11:41.570 [main] TRACE - Loading type system org.apache.xmlbeans.metadata.system.sXMLLANG
17:11:41.570 [main] TRACE - Loading type system org.apache.xmlbeans.metadata.system.sXMLSCHEMA
17:11:41.570 [main] TRACE - Loading type system org.apache.xmlbeans.metadata.system.sXMLTOOLS
17:11:41.571 [main] TRACE - Reading unresolved handles for type system org.apache.xmlbeans.metadata.system.sXMLTOOLS
17:11:41.577 [main] TRACE - Finished loading type system org.apache.xmlbeans.metadata.system.sXMLTOOLS
17:11:41.578 [main] TRACE - Reading unresolved handles for type system org.apache.xmlbeans.metadata.system.sXMLSCHEMA
17:11:41.580 [main] TRACE - Finished loading type system org.apache.xmlbeans.metadata.system.sXMLSCHEMA
17:11:41.582 [main] TRACE - Reading unresolved handles for type system org.apache.xmlbeans.metadata.system.sXMLLANG
