12:56:15.295 [main] DEBUG - Parsing relationship: /xl/_rels/workbook.xml.rels
12:56:15.312 [main] DEBUG - Parsing relationship: /xl/worksheets/_rels/sheet1.xml.rels
12:56:15.312 [main] DEBUG - Parsing relationship: /_rels/.rels
12:56:15.739 [main] TRACE - Loading type system org.apache.poi.schemas.ooxml.system.ooxml
12:56:15.744 [main] TRACE - Loading type system org.apache.xmlbeans.metadata.system.sXMLCONFIG
12:56:15.744 [main] TRACE - Loading type system org.apache.xmlbeans.metadata.system.sXMLLANG
12:56:15.744 [main] TRACE - Loading type system org.apache.xmlbeans.metadata.system.sXMLSCHEMA
12:56:15.771 [main] TRACE - Loading type system org.apache.xmlbeans.metadata.system.sXMLTOOLS
12:56:15.771 [main] TRACE - Reading unresolved handles for type system org.apache.xmlbeans.metadata.system.sXMLTOOLS
12:56:15.787 [main] TRACE - Finished loading type system org.apache.xmlbeans.metadata.system.sXMLTOOLS
12:56:15.787 [main] TRACE - Reading unresolved handles for type system org.apache.xmlbeans.metadata.system.sXMLSCHEMA
12:56:15.802 [main] TRACE - Finished loading type system org.apache.xmlbeans.metadata.system.sXMLSCHEMA
12:56:15.802 [main] TRACE - Reading unresolved handles for type system org.apache.xmlbeans.metadata.system.sXMLLANG
12:56:15.802 [main] TRACE - Finished loading type system org.apache.xmlbeans.metadata.system.sXMLLANG
12:56:15.802 [main] TRACE - Reading unresolved handles for type system org.apache.xmlbeans.metadata.system.sXMLCONFIG
12:56:15.802 [main] TRACE - Finished loading type system org.apache.xmlbeans.metadata.system.sXMLCONFIG
12:56:15.802 [main] TRACE - Reading unresolved handles for type system org.apache.poi.schemas.ooxml.system.ooxml
12:56:15.996 [main] TRACE - Finished loading type system org.apache.poi.schemas.ooxml.system.ooxml
12:56:15.996 [main] TRACE - Resolving type for handle themefd26doctype
12:56:16.146 [main] TRACE - Resolving type for handle stylesheet5d8bdoctype
12:56:16.163 [main] TRACE - Resolving type for handle ctstylesheet4257type
12:56:16.163 [main] TRACE - Resolving type for handle ctfonts6623type
12:56:16.178 [main] TRACE - Resolving type for handle ctfont14d8type
12:56:16.184 [main] TRACE - Resolving type for handle ctfills2c6ftype
12:56:16.184 [main] TRACE - Resolving type for handle ctfill550ctype
12:56:16.184 [main] TRACE - Resolving type for handle ctborders0d66type
12:56:16.194 [main] TRACE - Resolving type for handle ctborderf935type
12:56:16.194 [main] TRACE - Resolving type for handle ctcellxfs1322type
12:56:16.194 [main] TRACE - Resolving type for handle ctxf97f7type
12:56:16.210 [main] TRACE - Resolving type for handle ctcellstylexfsa81ftype
12:56:16.210 [main] TRACE - Resolving type for handle ctdxfsb26atype
12:56:16.213 [main] TRACE - Resolving type for handle cttablestyles872ftype
12:56:16.221 [main] TRACE - Resolving type for handle sstf81fdoctype
12:56:16.225 [main] TRACE - Resolving type for handle ctsst44f3type
12:56:16.257 [main] TRACE - Resolving type for handle ctrsta472type
12:56:16.304 [main] DEBUG - using default POIXMLDocumentPart for http://schemas.openxmlformats.org/officeDocument/2006/relationships/printerSettings
12:56:16.304 [main] TRACE - Resolving type for handle workbookec17doctype
12:56:16.319 [main] TRACE - Resolving type for handle ctworkbook83c3type
12:56:16.335 [main] TRACE - Resolving type for handle ctsheets49fdtype
12:56:16.339 [main] TRACE - Resolving type for handle ctsheet4dbetype
12:56:16.339 [main] TRACE - Resolving type for handle strelationshipid1e94type
12:56:16.339 [main] TRACE - Resolving type for handle worksheetf539doctype
12:56:16.366 [main] TRACE - Resolving type for handle ctworksheet530dtype
12:56:16.377 [main] TRACE - Resolving type for handle ctsheetdata8408type
12:56:16.379 [main] TRACE - Resolving type for handle ctrowdd39type
12:56:16.383 [main] TRACE - Resolving type for handle ctcell842btype
12:56:16.392 [main] TRACE - Resolving type for handle stcellrefe4e0type
12:56:16.398 [main] TRACE - Resolving type for handle ctcols627ctype
12:56:16.412 [main] TRACE - Resolving type for handle ctcola95ftype
12:56:16.445 [main] TRACE - Resolving type for handle cthyperlinks6416type
12:56:16.445 [main] TRACE - Resolving type for handle cthyperlink0c85type
12:56:16.461 [main] TRACE - Resolving type for handle stxstringf179type
12:56:16.461 [main] TRACE - Resolving type for handle stcelltypebf95type
12:56:16.535 [main] INFO  - Entering email and password.. 
12:56:22.029 [main] INFO  - Logged in successfully
12:56:27.029 [main] DEBUG - Parsing relationship: /xl/_rels/workbook.xml.rels
12:56:27.029 [main] DEBUG - Parsing relationship: /xl/worksheets/_rels/sheet1.xml.rels
12:56:27.035 [main] DEBUG - Parsing relationship: /_rels/.rels
12:56:27.113 [main] DEBUG - using default POIXMLDocumentPart for http://schemas.openxmlformats.org/officeDocument/2006/relationships/printerSettings
12:56:27.122 [main] INFO  - Entering email and password.. 
12:56:33.580 [main] INFO  - Login failure
12:56:38.295 [main] DEBUG - Parsing relationship: /xl/_rels/workbook.xml.rels
12:56:38.295 [main] DEBUG - Parsing relationship: /xl/worksheets/_rels/sheet1.xml.rels
12:56:38.307 [main] DEBUG - Parsing relationship: /_rels/.rels
12:56:38.347 [main] DEBUG - using default POIXMLDocumentPart for http://schemas.openxmlformats.org/officeDocument/2006/relationships/printerSettings
12:56:38.463 [main] INFO  - Entering email and password.. 
12:56:44.641 [main] INFO  - Login failure
12:56:49.204 [main] DEBUG - Parsing relationship: /xl/_rels/workbook.xml.rels
12:56:49.205 [main] DEBUG - Parsing relationship: /xl/worksheets/_rels/sheet1.xml.rels
12:56:49.206 [main] DEBUG - Parsing relationship: /_rels/.rels
12:56:49.225 [main] DEBUG - using default POIXMLDocumentPart for http://schemas.openxmlformats.org/officeDocument/2006/relationships/printerSettings
12:56:49.239 [main] INFO  - Entering email and password.. 
12:56:55.834 [main] INFO  - Login failure
14:58:35.683 [main] DEBUG - Parsing relationship: /xl/_rels/workbook.xml.rels
14:58:35.685 [main] DEBUG - Parsing relationship: /xl/worksheets/_rels/sheet1.xml.rels
14:58:35.686 [main] DEBUG - Parsing relationship: /xl/worksheets/_rels/sheet2.xml.rels
14:58:35.687 [main] DEBUG - Parsing relationship: /_rels/.rels
14:58:35.832 [main] TRACE - Loading type system org.apache.poi.schemas.ooxml.system.ooxml
14:58:35.834 [main] TRACE - Loading type system org.apache.xmlbeans.metadata.system.sXMLCONFIG
14:58:35.834 [main] TRACE - Loading type system org.apache.xmlbeans.metadata.system.sXMLLANG
14:58:35.835 [main] TRACE - Loading type system org.apache.xmlbeans.metadata.system.sXMLSCHEMA
14:58:35.835 [main] TRACE - Loading type system org.apache.xmlbeans.metadata.system.sXMLTOOLS
14:58:35.836 [main] TRACE - Reading unresolved handles for type system org.apache.xmlbeans.metadata.system.sXMLTOOLS
14:58:35.845 [main] TRACE - Finished loading type system org.apache.xmlbeans.metadata.system.sXMLTOOLS
14:58:35.845 [main] TRACE - Reading unresolved handles for type system org.apache.xmlbeans.metadata.system.sXMLSCHEMA
14:58:35.848 [main] TRACE - Finished loading type system org.apache.xmlbeans.metadata.system.sXMLSCHEMA
14:58:35.849 [main] TRACE - Reading unresolved handles for type system org.apache.xmlbeans.metadata.system.sXMLLANG
14:58:35.850 [main] TRACE - Finished loading type system org.apache.xmlbeans.metadata.system.sXMLLANG
14:58:35.851 [main] TRACE - Reading unresolved handles for type system org.apache.xmlbeans.metadata.system.sXMLCONFIG
14:58:35.851 [main] TRACE - Finished loading type system org.apache.xmlbeans.metadata.system.sXMLCONFIG
14:58:35.851 [main] TRACE - Reading unresolved handles for type system org.apache.poi.schemas.ooxml.system.ooxml
14:58:35.880 [main] TRACE - Finished loading type system org.apache.poi.schemas.ooxml.system.ooxml
14:58:35.880 [main] TRACE - Resolving type for handle themefd26doctype
14:58:35.921 [main] TRACE - Resolving type for handle stylesheet5d8bdoctype
14:58:35.925 [main] TRACE - Resolving type for handle ctstylesheet4257type
14:58:35.928 [main] TRACE - Resolving type for handle ctfonts6623type
14:58:35.931 [main] TRACE - Resolving type for handle ctfont14d8type
14:58:35.934 [main] TRACE - Resolving type for handle ctfills2c6ftype
14:58:35.936 [main] TRACE - Resolving type for handle ctfill550ctype
14:58:35.937 [main] TRACE - Resolving type for handle ctborders0d66type
14:58:35.939 [main] TRACE - Resolving type for handle ctborderf935type
14:58:35.941 [main] TRACE - Resolving type for handle ctcellxfs1322type
14:58:35.943 [main] TRACE - Resolving type for handle ctxf97f7type
14:58:35.945 [main] TRACE - Resolving type for handle ctcellstylexfsa81ftype
14:58:35.947 [main] TRACE - Resolving type for handle ctdxfsb26atype
14:58:35.949 [main] TRACE - Resolving type for handle cttablestyles872ftype
14:58:35.952 [main] TRACE - Resolving type for handle sstf81fdoctype
14:58:35.954 [main] TRACE - Resolving type for handle ctsst44f3type
14:58:35.960 [main] TRACE - Resolving type for handle ctrsta472type
14:58:35.973 [main] DEBUG - using default POIXMLDocumentPart for http://schemas.openxmlformats.org/officeDocument/2006/relationships/printerSettings
14:58:35.973 [main] TRACE - Resolving type for handle workbookec17doctype
14:58:35.976 [main] TRACE - Resolving type for handle ctworkbook83c3type
14:58:35.979 [main] TRACE - Resolving type for handle ctsheets49fdtype
14:58:35.981 [main] TRACE - Resolving type for handle ctsheet4dbetype
14:58:35.982 [main] TRACE - Resolving type for handle strelationshipid1e94type
14:58:35.983 [main] TRACE - Resolving type for handle worksheetf539doctype
14:58:35.986 [main] TRACE - Resolving type for handle ctworksheet530dtype
14:58:35.990 [main] TRACE - Resolving type for handle ctsheetdata8408type
14:58:35.992 [main] TRACE - Resolving type for handle ctrowdd39type
14:58:35.996 [main] TRACE - Resolving type for handle ctcell842btype
14:58:35.999 [main] TRACE - Resolving type for handle stcellrefe4e0type
14:58:36.004 [main] TRACE - Resolving type for handle ctcols627ctype
14:58:36.007 [main] TRACE - Resolving type for handle ctcola95ftype
14:58:36.014 [main] TRACE - Resolving type for handle cthyperlinks6416type
14:58:36.015 [main] TRACE - Resolving type for handle cthyperlink0c85type
14:58:36.022 [main] TRACE - Resolving type for handle stxstringf179type
14:58:36.023 [main] TRACE - Resolving type for handle stcelltypebf95type
14:58:45.070 [main] DEBUG - Parsing relationship: /xl/_rels/workbook.xml.rels
14:58:45.071 [main] DEBUG - Parsing relationship: /xl/worksheets/_rels/sheet1.xml.rels
14:58:45.071 [main] DEBUG - Parsing relationship: /xl/worksheets/_rels/sheet2.xml.rels
14:58:45.071 [main] DEBUG - Parsing relationship: /_rels/.rels
14:58:45.078 [main] DEBUG - using default POIXMLDocumentPart for http://schemas.openxmlformats.org/officeDocument/2006/relationships/printerSettings
14:58:53.947 [main] DEBUG - Parsing relationship: /xl/_rels/workbook.xml.rels
14:58:53.948 [main] DEBUG - Parsing relationship: /xl/worksheets/_rels/sheet1.xml.rels
14:58:53.949 [main] DEBUG - Parsing relationship: /xl/worksheets/_rels/sheet2.xml.rels
14:58:53.949 [main] DEBUG - Parsing relationship: /_rels/.rels
14:58:53.963 [main] DEBUG - using default POIXMLDocumentPart for http://schemas.openxmlformats.org/officeDocument/2006/relationships/printerSettings
15:04:37.134 [main] DEBUG - Parsing relationship: /xl/_rels/workbook.xml.rels
15:04:37.138 [main] DEBUG - Parsing relationship: /xl/worksheets/_rels/sheet1.xml.rels
15:04:37.140 [main] DEBUG - Parsing relationship: /xl/worksheets/_rels/sheet2.xml.rels
15:04:37.140 [main] DEBUG - Parsing relationship: /_rels/.rels
15:04:37.258 [main] TRACE - Loading type system org.apache.poi.schemas.ooxml.system.ooxml
15:04:37.259 [main] TRACE - Loading type system org.apache.xmlbeans.metadata.system.sXMLCONFIG
15:04:37.259 [main] TRACE - Loading type system org.apache.xmlbeans.metadata.system.sXMLLANG
15:04:37.260 [main] TRACE - Loading type system org.apache.xmlbeans.metadata.system.sXMLSCHEMA
15:04:37.260 [main] TRACE - Loading type system org.apache.xmlbeans.metadata.system.sXMLTOOLS
15:04:37.261 [main] TRACE - Reading unresolved handles for type system org.apache.xmlbeans.metadata.system.sXMLTOOLS
15:04:37.267 [main] TRACE - Finished loading type system org.apache.xmlbeans.metadata.system.sXMLTOOLS
15:04:37.267 [main] TRACE - Reading unresolved handles for type system org.apache.xmlbeans.metadata.system.sXMLSCHEMA
15:04:37.271 [main] TRACE - Finished loading type system org.apache.xmlbeans.metadata.system.sXMLSCHEMA
15:04:37.272 [main] TRACE - Reading unresolved handles for type system org.apache.xmlbeans.metadata.system.sXMLLANG
15:04:37.272 [main] TRACE - Finished loading type system org.apache.xmlbeans.metadata.system.sXMLLANG
15:04:37.273 [main] TRACE - Reading unresolved handles for type system org.apache.xmlbeans.metadata.system.sXMLCONFIG
15:04:37.273 [main] TRACE - Finished loading type system org.apache.xmlbeans.metadata.system.sXMLCONFIG
15:04:37.274 [main] TRACE - Reading unresolved handles for type system org.apache.poi.schemas.ooxml.system.ooxml
15:04:37.316 [main] TRACE - Finished loading type system org.apache.poi.schemas.ooxml.system.ooxml
15:04:37.317 [main] TRACE - Resolving type for handle themefd26doctype
15:04:37.349 [main] TRACE - Resolving type for handle stylesheet5d8bdoctype
15:04:37.353 [main] TRACE - Resolving type for handle ctstylesheet4257type
15:04:37.356 [main] TRACE - Resolving type for handle ctfonts6623type
15:04:37.358 [main] TRACE - Resolving type for handle ctfont14d8type
15:04:37.363 [main] TRACE - Resolving type for handle ctfills2c6ftype
15:04:37.364 [main] TRACE - Resolving type for handle ctfill550ctype
15:04:37.365 [main] TRACE - Resolving type for handle ctborders0d66type
15:04:37.366 [main] TRACE - Resolving type for handle ctborderf935type
15:04:37.369 [main] TRACE - Resolving type for handle ctcellxfs1322type
15:04:37.371 [main] TRACE - Resolving type for handle ctxf97f7type
15:04:37.373 [main] TRACE - Resolving type for handle ctcellstylexfsa81ftype
15:04:37.376 [main] TRACE - Resolving type for handle ctdxfsb26atype
15:04:37.379 [main] TRACE - Resolving type for handle cttablestyles872ftype
15:04:37.382 [main] TRACE - Resolving type for handle sstf81fdoctype
15:04:37.386 [main] TRACE - Resolving type for handle ctsst44f3type
15:04:37.394 [main] TRACE - Resolving type for handle ctrsta472type
15:04:37.407 [main] DEBUG - using default POIXMLDocumentPart for http://schemas.openxmlformats.org/officeDocument/2006/relationships/printerSettings
15:04:37.408 [main] TRACE - Resolving type for handle workbookec17doctype
15:04:37.412 [main] TRACE - Resolving type for handle ctworkbook83c3type
15:04:37.415 [main] TRACE - Resolving type for handle ctsheets49fdtype
15:04:37.416 [main] TRACE - Resolving type for handle ctsheet4dbetype
15:04:37.417 [main] TRACE - Resolving type for handle strelationshipid1e94type
15:04:37.418 [main] TRACE - Resolving type for handle worksheetf539doctype
15:04:37.422 [main] TRACE - Resolving type for handle ctworksheet530dtype
15:04:37.425 [main] TRACE - Resolving type for handle ctsheetdata8408type
15:04:37.426 [main] TRACE - Resolving type for handle ctrowdd39type
15:04:37.429 [main] TRACE - Resolving type for handle ctcell842btype
15:04:37.432 [main] TRACE - Resolving type for handle stcellrefe4e0type
15:04:37.437 [main] TRACE - Resolving type for handle ctcols627ctype
15:04:37.440 [main] TRACE - Resolving type for handle ctcola95ftype
15:04:37.447 [main] TRACE - Resolving type for handle cthyperlinks6416type
15:04:37.448 [main] TRACE - Resolving type for handle cthyperlink0c85type
15:04:37.456 [main] TRACE - Resolving type for handle stxstringf179type
15:04:37.457 [main] TRACE - Resolving type for handle stcelltypebf95type
15:04:46.749 [main] DEBUG - Parsing relationship: /xl/_rels/workbook.xml.rels
15:04:46.750 [main] DEBUG - Parsing relationship: /xl/worksheets/_rels/sheet1.xml.rels
15:04:46.752 [main] DEBUG - Parsing relationship: /xl/worksheets/_rels/sheet2.xml.rels
15:04:46.753 [main] DEBUG - Parsing relationship: /_rels/.rels
15:04:46.761 [main] DEBUG - using default POIXMLDocumentPart for http://schemas.openxmlformats.org/officeDocument/2006/relationships/printerSettings
15:10:24.263 [main] DEBUG - Parsing relationship: /xl/_rels/workbook.xml.rels
15:10:24.267 [main] DEBUG - Parsing relationship: /xl/worksheets/_rels/sheet1.xml.rels
15:10:24.268 [main] DEBUG - Parsing relationship: /xl/worksheets/_rels/sheet2.xml.rels
15:10:24.268 [main] DEBUG - Parsing relationship: /_rels/.rels
15:10:24.380 [main] TRACE - Loading type system org.apache.poi.schemas.ooxml.system.ooxml
15:10:24.382 [main] TRACE - Loading type system org.apache.xmlbeans.metadata.system.sXMLCONFIG
15:10:24.382 [main] TRACE - Loading type system org.apache.xmlbeans.metadata.system.sXMLLANG
15:10:24.382 [main] TRACE - Loading type system org.apache.xmlbeans.metadata.system.sXMLSCHEMA
15:10:24.383 [main] TRACE - Loading type system org.apache.xmlbeans.metadata.system.sXMLTOOLS
15:10:24.383 [main] TRACE - Reading unresolved handles for type system org.apache.xmlbeans.metadata.system.sXMLTOOLS
15:10:24.393 [main] TRACE - Finished loading type system org.apache.xmlbeans.metadata.system.sXMLTOOLS
15:10:24.395 [main] TRACE - Reading unresolved handles for type system org.apache.xmlbeans.metadata.system.sXMLSCHEMA
15:10:24.399 [main] TRACE - Finished loading type system org.apache.xmlbeans.metadata.system.sXMLSCHEMA
15:10:24.401 [main] TRACE - Reading unresolved handles for type system org.apache.xmlbeans.metadata.system.sXMLLANG
15:10:24.402 [main] TRACE - Finished loading type system org.apache.xmlbeans.metadata.system.sXMLLANG
15:10:24.403 [main] TRACE - Reading unresolved handles for type system org.apache.xmlbeans.metadata.system.sXMLCONFIG
15:10:24.403 [main] TRACE - Finished loading type system org.apache.xmlbeans.metadata.system.sXMLCONFIG
15:10:24.404 [main] TRACE - Reading unresolved handles for type system org.apache.poi.schemas.ooxml.system.ooxml
15:10:24.446 [main] TRACE - Finished loading type system org.apache.poi.schemas.ooxml.system.ooxml
15:10:24.446 [main] TRACE - Resolving type for handle themefd26doctype
15:10:24.480 [main] TRACE - Resolving type for handle stylesheet5d8bdoctype
15:10:24.484 [main] TRACE - Resolving type for handle ctstylesheet4257type
15:10:24.486 [main] TRACE - Resolving type for handle ctfonts6623type
15:10:24.488 [main] TRACE - Resolving type for handle ctfont14d8type
15:10:24.493 [main] TRACE - Resolving type for handle ctfills2c6ftype
15:10:24.493 [main] TRACE - Resolving type for handle ctfill550ctype
15:10:24.496 [main] TRACE - Resolving type for handle ctborders0d66type
15:10:24.497 [main] TRACE - Resolving type for handle ctborderf935type
15:10:24.499 [main] TRACE - Resolving type for handle ctcellxfs1322type
15:10:24.500 [main] TRACE - Resolving type for handle ctxf97f7type
15:10:24.501 [main] TRACE - Resolving type for handle ctcellstylexfsa81ftype
15:10:24.504 [main] TRACE - Resolving type for handle ctdxfsb26atype
15:10:24.505 [main] TRACE - Resolving type for handle cttablestyles872ftype
15:10:24.507 [main] TRACE - Resolving type for handle sstf81fdoctype
15:10:24.510 [main] TRACE - Resolving type for handle ctsst44f3type
15:10:24.516 [main] TRACE - Resolving type for handle ctrsta472type
15:10:24.525 [main] DEBUG - using default POIXMLDocumentPart for http://schemas.openxmlformats.org/officeDocument/2006/relationships/printerSettings
15:10:24.526 [main] TRACE - Resolving type for handle workbookec17doctype
15:10:24.530 [main] TRACE - Resolving type for handle ctworkbook83c3type
15:10:24.533 [main] TRACE - Resolving type for handle ctsheets49fdtype
15:10:24.534 [main] TRACE - Resolving type for handle ctsheet4dbetype
15:10:24.536 [main] TRACE - Resolving type for handle strelationshipid1e94type
15:10:24.537 [main] TRACE - Resolving type for handle worksheetf539doctype
15:10:24.542 [main] TRACE - Resolving type for handle ctworksheet530dtype
15:10:24.545 [main] TRACE - Resolving type for handle ctsheetdata8408type
15:10:24.545 [main] TRACE - Resolving type for handle ctrowdd39type
15:10:24.547 [main] TRACE - Resolving type for handle ctcell842btype
15:10:24.550 [main] TRACE - Resolving type for handle stcellrefe4e0type
15:10:24.555 [main] TRACE - Resolving type for handle ctcols627ctype
15:10:24.557 [main] TRACE - Resolving type for handle ctcola95ftype
15:10:24.564 [main] TRACE - Resolving type for handle cthyperlinks6416type
15:10:24.565 [main] TRACE - Resolving type for handle cthyperlink0c85type
15:10:24.571 [main] TRACE - Resolving type for handle stxstringf179type
15:10:24.572 [main] TRACE - Resolving type for handle stcelltypebf95type
15:10:33.954 [main] DEBUG - Parsing relationship: /xl/_rels/workbook.xml.rels
15:10:33.954 [main] DEBUG - Parsing relationship: /xl/worksheets/_rels/sheet1.xml.rels
15:10:33.954 [main] DEBUG - Parsing relationship: /xl/worksheets/_rels/sheet2.xml.rels
15:10:33.954 [main] DEBUG - Parsing relationship: /_rels/.rels
15:10:33.979 [main] DEBUG - using default POIXMLDocumentPart for http://schemas.openxmlformats.org/officeDocument/2006/relationships/printerSettings
15:17:25.729 [main] DEBUG - Parsing relationship: /xl/_rels/workbook.xml.rels
15:17:25.733 [main] DEBUG - Parsing relationship: /xl/worksheets/_rels/sheet1.xml.rels
15:17:25.733 [main] DEBUG - Parsing relationship: /xl/worksheets/_rels/sheet2.xml.rels
15:17:25.734 [main] DEBUG - Parsing relationship: /_rels/.rels
15:17:25.811 [main] TRACE - Loading type system org.apache.poi.schemas.ooxml.system.ooxml
15:17:25.812 [main] TRACE - Loading type system org.apache.xmlbeans.metadata.system.sXMLCONFIG
15:17:25.812 [main] TRACE - Loading type system org.apache.xmlbeans.metadata.system.sXMLLANG
15:17:25.812 [main] TRACE - Loading type system org.apache.xmlbeans.metadata.system.sXMLSCHEMA
15:17:25.813 [main] TRACE - Loading type system org.apache.xmlbeans.metadata.system.sXMLTOOLS
15:17:25.813 [main] TRACE - Reading unresolved handles for type system org.apache.xmlbeans.metadata.system.sXMLTOOLS
15:17:25.820 [main] TRACE - Finished loading type system org.apache.xmlbeans.metadata.system.sXMLTOOLS
15:17:25.820 [main] TRACE - Reading unresolved handles for type system org.apache.xmlbeans.metadata.system.sXMLSCHEMA
15:17:25.824 [main] TRACE - Finished loading type system org.apache.xmlbeans.metadata.system.sXMLSCHEMA
15:17:25.825 [main] TRACE - Reading unresolved handles for type system org.apache.xmlbeans.metadata.system.sXMLLANG
15:17:25.826 [main] TRACE - Finished loading type system org.apache.xmlbeans.metadata.system.sXMLLANG
15:17:25.826 [main] TRACE - Reading unresolved handles for type system org.apache.xmlbeans.metadata.system.sXMLCONFIG
15:17:25.827 [main] TRACE - Finished loading type system org.apache.xmlbeans.metadata.system.sXMLCONFIG
15:17:25.827 [main] TRACE - Reading unresolved handles for type system org.apache.poi.schemas.ooxml.system.ooxml
15:17:25.867 [main] TRACE - Finished loading type system org.apache.poi.schemas.ooxml.system.ooxml
15:17:25.868 [main] TRACE - Resolving type for handle themefd26doctype
15:17:25.909 [main] TRACE - Resolving type for handle stylesheet5d8bdoctype
15:17:25.914 [main] TRACE - Resolving type for handle ctstylesheet4257type
15:17:25.917 [main] TRACE - Resolving type for handle ctfonts6623type
15:17:25.919 [main] TRACE - Resolving type for handle ctfont14d8type
15:17:25.923 [main] TRACE - Resolving type for handle ctfills2c6ftype
15:17:25.924 [main] TRACE - Resolving type for handle ctfill550ctype
15:17:25.925 [main] TRACE - Resolving type for handle ctborders0d66type
15:17:25.926 [main] TRACE - Resolving type for handle ctborderf935type
15:17:25.927 [main] TRACE - Resolving type for handle ctcellxfs1322type
15:17:25.929 [main] TRACE - Resolving type for handle ctxf97f7type
15:17:25.931 [main] TRACE - Resolving type for handle ctcellstylexfsa81ftype
15:17:25.932 [main] TRACE - Resolving type for handle ctdxfsb26atype
15:17:25.934 [main] TRACE - Resolving type for handle cttablestyles872ftype
15:17:25.936 [main] TRACE - Resolving type for handle sstf81fdoctype
15:17:25.940 [main] TRACE - Resolving type for handle ctsst44f3type
15:17:25.946 [main] TRACE - Resolving type for handle ctrsta472type
15:17:25.962 [main] DEBUG - using default POIXMLDocumentPart for http://schemas.openxmlformats.org/officeDocument/2006/relationships/printerSettings
15:17:25.963 [main] TRACE - Resolving type for handle workbookec17doctype
15:17:25.966 [main] TRACE - Resolving type for handle ctworkbook83c3type
15:17:25.968 [main] TRACE - Resolving type for handle ctsheets49fdtype
15:17:25.970 [main] TRACE - Resolving type for handle ctsheet4dbetype
15:17:25.971 [main] TRACE - Resolving type for handle strelationshipid1e94type
15:17:25.971 [main] TRACE - Resolving type for handle worksheetf539doctype
15:17:25.976 [main] TRACE - Resolving type for handle ctworksheet530dtype
15:17:25.980 [main] TRACE - Resolving type for handle ctsheetdata8408type
15:17:25.982 [main] TRACE - Resolving type for handle ctrowdd39type
15:17:25.985 [main] TRACE - Resolving type for handle ctcell842btype
15:17:25.988 [main] TRACE - Resolving type for handle stcellrefe4e0type
15:17:25.992 [main] TRACE - Resolving type for handle ctcols627ctype
15:17:25.995 [main] TRACE - Resolving type for handle ctcola95ftype
15:17:26.006 [main] TRACE - Resolving type for handle cthyperlinks6416type
15:17:26.009 [main] TRACE - Resolving type for handle cthyperlink0c85type
15:17:26.019 [main] TRACE - Resolving type for handle stxstringf179type
15:17:26.021 [main] TRACE - Resolving type for handle stcelltypebf95type
15:17:35.623 [main] DEBUG - Parsing relationship: /xl/_rels/workbook.xml.rels
15:17:35.625 [main] DEBUG - Parsing relationship: /xl/worksheets/_rels/sheet1.xml.rels
15:17:35.627 [main] DEBUG - Parsing relationship: /xl/worksheets/_rels/sheet2.xml.rels
15:17:35.628 [main] DEBUG - Parsing relationship: /_rels/.rels
15:17:35.651 [main] DEBUG - using default POIXMLDocumentPart for http://schemas.openxmlformats.org/officeDocument/2006/relationships/printerSettings
15:18:33.498 [main] DEBUG - Parsing relationship: /xl/_rels/workbook.xml.rels
15:18:33.506 [main] DEBUG - Parsing relationship: /xl/worksheets/_rels/sheet1.xml.rels
15:18:33.507 [main] DEBUG - Parsing relationship: /xl/worksheets/_rels/sheet2.xml.rels
15:18:33.508 [main] DEBUG - Parsing relationship: /_rels/.rels
15:18:33.602 [main] TRACE - Loading type system org.apache.poi.schemas.ooxml.system.ooxml
15:18:33.605 [main] TRACE - Loading type system org.apache.xmlbeans.metadata.system.sXMLCONFIG
15:18:33.605 [main] TRACE - Loading type system org.apache.xmlbeans.metadata.system.sXMLLANG
15:18:33.605 [main] TRACE - Loading type system org.apache.xmlbeans.metadata.system.sXMLSCHEMA
15:18:33.605 [main] TRACE - Loading type system org.apache.xmlbeans.metadata.system.sXMLTOOLS
15:18:33.605 [main] TRACE - Reading unresolved handles for type system org.apache.xmlbeans.metadata.system.sXMLTOOLS
15:18:33.612 [main] TRACE - Finished loading type system org.apache.xmlbeans.metadata.system.sXMLTOOLS
15:18:33.612 [main] TRACE - Reading unresolved handles for type system org.apache.xmlbeans.metadata.system.sXMLSCHEMA
15:18:33.612 [main] TRACE - Finished loading type system org.apache.xmlbeans.metadata.system.sXMLSCHEMA
15:18:33.621 [main] TRACE - Reading unresolved handles for type system org.apache.xmlbeans.metadata.system.sXMLLANG
15:18:33.622 [main] TRACE - Finished loading type system org.apache.xmlbeans.metadata.system.sXMLLANG
15:18:33.622 [main] TRACE - Reading unresolved handles for type system org.apache.xmlbeans.metadata.system.sXMLCONFIG
15:18:33.622 [main] TRACE - Finished loading type system org.apache.xmlbeans.metadata.system.sXMLCONFIG
15:18:33.622 [main] TRACE - Reading unresolved handles for type system org.apache.poi.schemas.ooxml.system.ooxml
15:18:33.663 [main] TRACE - Finished loading type system org.apache.poi.schemas.ooxml.system.ooxml
15:18:33.663 [main] TRACE - Resolving type for handle themefd26doctype
15:18:33.692 [main] TRACE - Resolving type for handle stylesheet5d8bdoctype
15:18:33.692 [main] TRACE - Resolving type for handle ctstylesheet4257type
15:18:33.692 [main] TRACE - Resolving type for handle ctfonts6623type
15:18:33.700 [main] TRACE - Resolving type for handle ctfont14d8type
15:18:33.702 [main] TRACE - Resolving type for handle ctfills2c6ftype
15:18:33.702 [main] TRACE - Resolving type for handle ctfill550ctype
15:18:33.702 [main] TRACE - Resolving type for handle ctborders0d66type
15:18:33.712 [main] TRACE - Resolving type for handle ctborderf935type
15:18:33.712 [main] TRACE - Resolving type for handle ctcellxfs1322type
15:18:33.716 [main] TRACE - Resolving type for handle ctxf97f7type
15:18:33.716 [main] TRACE - Resolving type for handle ctcellstylexfsa81ftype
15:18:33.722 [main] TRACE - Resolving type for handle ctdxfsb26atype
15:18:33.722 [main] TRACE - Resolving type for handle cttablestyles872ftype
15:18:33.722 [main] TRACE - Resolving type for handle sstf81fdoctype
15:18:33.732 [main] TRACE - Resolving type for handle ctsst44f3type
15:18:33.737 [main] TRACE - Resolving type for handle ctrsta472type
15:18:33.753 [main] DEBUG - using default POIXMLDocumentPart for http://schemas.openxmlformats.org/officeDocument/2006/relationships/printerSettings
15:18:33.753 [main] TRACE - Resolving type for handle workbookec17doctype
15:18:33.762 [main] TRACE - Resolving type for handle ctworkbook83c3type
15:18:33.762 [main] TRACE - Resolving type for handle ctsheets49fdtype
15:18:33.768 [main] TRACE - Resolving type for handle ctsheet4dbetype
15:18:33.768 [main] TRACE - Resolving type for handle strelationshipid1e94type
15:18:33.768 [main] TRACE - Resolving type for handle worksheetf539doctype
15:18:33.772 [main] TRACE - Resolving type for handle ctworksheet530dtype
15:18:33.772 [main] TRACE - Resolving type for handle ctsheetdata8408type
15:18:33.772 [main] TRACE - Resolving type for handle ctrowdd39type
15:18:33.784 [main] TRACE - Resolving type for handle ctcell842btype
15:18:33.784 [main] TRACE - Resolving type for handle stcellrefe4e0type
15:18:33.792 [main] TRACE - Resolving type for handle ctcols627ctype
15:18:33.792 [main] TRACE - Resolving type for handle ctcola95ftype
15:18:33.802 [main] TRACE - Resolving type for handle cthyperlinks6416type
15:18:33.808 [main] TRACE - Resolving type for handle cthyperlink0c85type
15:18:33.817 [main] TRACE - Resolving type for handle stxstringf179type
15:18:33.818 [main] TRACE - Resolving type for handle stcelltypebf95type
15:18:44.301 [main] DEBUG - Parsing relationship: /xl/_rels/workbook.xml.rels
15:18:44.301 [main] DEBUG - Parsing relationship: /xl/worksheets/_rels/sheet1.xml.rels
15:18:44.301 [main] DEBUG - Parsing relationship: /xl/worksheets/_rels/sheet2.xml.rels
15:18:44.302 [main] DEBUG - Parsing relationship: /_rels/.rels
15:18:44.309 [main] DEBUG - using default POIXMLDocumentPart for http://schemas.openxmlformats.org/officeDocument/2006/relationships/printerSettings
15:21:25.706 [main] DEBUG - Parsing relationship: /xl/_rels/workbook.xml.rels
15:21:25.710 [main] DEBUG - Parsing relationship: /xl/worksheets/_rels/sheet1.xml.rels
15:21:25.711 [main] DEBUG - Parsing relationship: /xl/worksheets/_rels/sheet2.xml.rels
15:21:25.712 [main] DEBUG - Parsing relationship: /_rels/.rels
15:21:25.839 [main] TRACE - Loading type system org.apache.poi.schemas.ooxml.system.ooxml
15:21:25.843 [main] TRACE - Loading type system org.apache.xmlbeans.metadata.system.sXMLCONFIG
15:21:25.843 [main] TRACE - Loading type system org.apache.xmlbeans.metadata.system.sXMLLANG
15:21:25.844 [main] TRACE - Loading type system org.apache.xmlbeans.metadata.system.sXMLSCHEMA
15:21:25.844 [main] TRACE - Loading type system org.apache.xmlbeans.metadata.system.sXMLTOOLS
15:21:25.846 [main] TRACE - Reading unresolved handles for type system org.apache.xmlbeans.metadata.system.sXMLTOOLS
15:21:25.860 [main] TRACE - Finished loading type system org.apache.xmlbeans.metadata.system.sXMLTOOLS
15:21:25.861 [main] TRACE - Reading unresolved handles for type system org.apache.xmlbeans.metadata.system.sXMLSCHEMA
15:21:25.868 [main] TRACE - Finished loading type system org.apache.xmlbeans.metadata.system.sXMLSCHEMA
15:21:25.869 [main] TRACE - Reading unresolved handles for type system org.apache.xmlbeans.metadata.system.sXMLLANG
15:21:25.869 [main] TRACE - Finished loading type system org.apache.xmlbeans.metadata.system.sXMLLANG
15:21:25.871 [main] TRACE - Reading unresolved handles for type system org.apache.xmlbeans.metadata.system.sXMLCONFIG
15:21:25.871 [main] TRACE - Finished loading type system org.apache.xmlbeans.metadata.system.sXMLCONFIG
15:21:25.872 [main] TRACE - Reading unresolved handles for type system org.apache.poi.schemas.ooxml.system.ooxml
15:21:25.922 [main] TRACE - Finished loading type system org.apache.poi.schemas.ooxml.system.ooxml
15:21:25.922 [main] TRACE - Resolving type for handle themefd26doctype
15:21:25.989 [main] TRACE - Resolving type for handle stylesheet5d8bdoctype
15:21:25.996 [main] TRACE - Resolving type for handle ctstylesheet4257type
15:21:26.000 [main] TRACE - Resolving type for handle ctfonts6623type
15:21:26.003 [main] TRACE - Resolving type for handle ctfont14d8type
15:21:26.008 [main] TRACE - Resolving type for handle ctfills2c6ftype
15:21:26.010 [main] TRACE - Resolving type for handle ctfill550ctype
15:21:26.013 [main] TRACE - Resolving type for handle ctborders0d66type
15:21:26.015 [main] TRACE - Resolving type for handle ctborderf935type
15:21:26.018 [main] TRACE - Resolving type for handle ctcellxfs1322type
15:21:26.020 [main] TRACE - Resolving type for handle ctxf97f7type
15:21:26.023 [main] TRACE - Resolving type for handle ctcellstylexfsa81ftype
15:21:26.025 [main] TRACE - Resolving type for handle ctdxfsb26atype
15:21:26.027 [main] TRACE - Resolving type for handle cttablestyles872ftype
15:21:26.031 [main] TRACE - Resolving type for handle sstf81fdoctype
15:21:26.036 [main] TRACE - Resolving type for handle ctsst44f3type
15:21:26.044 [main] TRACE - Resolving type for handle ctrsta472type
15:21:26.056 [main] DEBUG - using default POIXMLDocumentPart for http://schemas.openxmlformats.org/officeDocument/2006/relationships/printerSettings
15:21:26.056 [main] TRACE - Resolving type for handle workbookec17doctype
15:21:26.060 [main] TRACE - Resolving type for handle ctworkbook83c3type
15:21:26.064 [main] TRACE - Resolving type for handle ctsheets49fdtype
15:21:26.067 [main] TRACE - Resolving type for handle ctsheet4dbetype
15:21:26.068 [main] TRACE - Resolving type for handle strelationshipid1e94type
15:21:26.070 [main] TRACE - Resolving type for handle worksheetf539doctype
15:21:26.074 [main] TRACE - Resolving type for handle ctworksheet530dtype
15:21:26.080 [main] TRACE - Resolving type for handle ctsheetdata8408type
15:21:26.083 [main] TRACE - Resolving type for handle ctrowdd39type
15:21:26.086 [main] TRACE - Resolving type for handle ctcell842btype
15:21:26.091 [main] TRACE - Resolving type for handle stcellrefe4e0type
15:21:26.100 [main] TRACE - Resolving type for handle ctcols627ctype
15:21:26.108 [main] TRACE - Resolving type for handle ctcola95ftype
15:21:26.132 [main] TRACE - Resolving type for handle cthyperlinks6416type
15:21:26.135 [main] TRACE - Resolving type for handle cthyperlink0c85type
15:21:26.150 [main] TRACE - Resolving type for handle stxstringf179type
15:21:26.153 [main] TRACE - Resolving type for handle stcelltypebf95type
15:21:35.468 [main] DEBUG - Parsing relationship: /xl/_rels/workbook.xml.rels
15:21:35.469 [main] DEBUG - Parsing relationship: /xl/worksheets/_rels/sheet1.xml.rels
15:21:35.470 [main] DEBUG - Parsing relationship: /xl/worksheets/_rels/sheet2.xml.rels
15:21:35.470 [main] DEBUG - Parsing relationship: /_rels/.rels
15:21:35.482 [main] DEBUG - using default POIXMLDocumentPart for http://schemas.openxmlformats.org/officeDocument/2006/relationships/printerSettings
15:25:35.374 [main] DEBUG - Parsing relationship: /xl/_rels/workbook.xml.rels
15:25:35.377 [main] DEBUG - Parsing relationship: /xl/worksheets/_rels/sheet1.xml.rels
15:25:35.378 [main] DEBUG - Parsing relationship: /xl/worksheets/_rels/sheet2.xml.rels
15:25:35.379 [main] DEBUG - Parsing relationship: /_rels/.rels
15:25:35.449 [main] TRACE - Loading type system org.apache.poi.schemas.ooxml.system.ooxml
15:25:35.451 [main] TRACE - Loading type system org.apache.xmlbeans.metadata.system.sXMLCONFIG
15:25:35.452 [main] TRACE - Loading type system org.apache.xmlbeans.metadata.system.sXMLLANG
15:25:35.452 [main] TRACE - Loading type system org.apache.xmlbeans.metadata.system.sXMLSCHEMA
15:25:35.452 [main] TRACE - Loading type system org.apache.xmlbeans.metadata.system.sXMLTOOLS
15:25:35.454 [main] TRACE - Reading unresolved handles for type system org.apache.xmlbeans.metadata.system.sXMLTOOLS
15:25:35.463 [main] TRACE - Finished loading type system org.apache.xmlbeans.metadata.system.sXMLTOOLS
15:25:35.464 [main] TRACE - Reading unresolved handles for type system org.apache.xmlbeans.metadata.system.sXMLSCHEMA
15:25:35.469 [main] TRACE - Finished loading type system org.apache.xmlbeans.metadata.system.sXMLSCHEMA
15:25:35.470 [main] TRACE - Reading unresolved handles for type system org.apache.xmlbeans.metadata.system.sXMLLANG
15:25:35.471 [main] TRACE - Finished loading type system org.apache.xmlbeans.metadata.system.sXMLLANG
15:25:35.472 [main] TRACE - Reading unresolved handles for type system org.apache.xmlbeans.metadata.system.sXMLCONFIG
15:25:35.473 [main] TRACE - Finished loading type system org.apache.xmlbeans.metadata.system.sXMLCONFIG
15:25:35.473 [main] TRACE - Reading unresolved handles for type system org.apache.poi.schemas.ooxml.system.ooxml
15:25:35.508 [main] TRACE - Finished loading type system org.apache.poi.schemas.ooxml.system.ooxml
15:25:35.508 [main] TRACE - Resolving type for handle themefd26doctype
15:25:35.538 [main] TRACE - Resolving type for handle stylesheet5d8bdoctype
15:25:35.540 [main] TRACE - Resolving type for handle ctstylesheet4257type
15:25:35.542 [main] TRACE - Resolving type for handle ctfonts6623type
15:25:35.543 [main] TRACE - Resolving type for handle ctfont14d8type
15:25:35.546 [main] TRACE - Resolving type for handle ctfills2c6ftype
15:25:35.547 [main] TRACE - Resolving type for handle ctfill550ctype
15:25:35.548 [main] TRACE - Resolving type for handle ctborders0d66type
15:25:35.549 [main] TRACE - Resolving type for handle ctborderf935type
15:25:35.551 [main] TRACE - Resolving type for handle ctcellxfs1322type
15:25:35.552 [main] TRACE - Resolving type for handle ctxf97f7type
15:25:35.553 [main] TRACE - Resolving type for handle ctcellstylexfsa81ftype
15:25:35.554 [main] TRACE - Resolving type for handle ctdxfsb26atype
15:25:35.555 [main] TRACE - Resolving type for handle cttablestyles872ftype
15:25:35.558 [main] TRACE - Resolving type for handle sstf81fdoctype
15:25:35.561 [main] TRACE - Resolving type for handle ctsst44f3type
15:25:35.569 [main] TRACE - Resolving type for handle ctrsta472type
15:25:35.582 [main] DEBUG - using default POIXMLDocumentPart for http://schemas.openxmlformats.org/officeDocument/2006/relationships/printerSettings
15:25:35.583 [main] TRACE - Resolving type for handle workbookec17doctype
15:25:35.587 [main] TRACE - Resolving type for handle ctworkbook83c3type
15:25:35.593 [main] TRACE - Resolving type for handle ctsheets49fdtype
15:25:35.596 [main] TRACE - Resolving type for handle ctsheet4dbetype
15:25:35.599 [main] TRACE - Resolving type for handle strelationshipid1e94type
15:25:35.601 [main] TRACE - Resolving type for handle worksheetf539doctype
15:25:35.605 [main] TRACE - Resolving type for handle ctworksheet530dtype
15:25:35.611 [main] TRACE - Resolving type for handle ctsheetdata8408type
15:25:35.613 [main] TRACE - Resolving type for handle ctrowdd39type
15:25:35.617 [main] TRACE - Resolving type for handle ctcell842btype
15:25:35.620 [main] TRACE - Resolving type for handle stcellrefe4e0type
15:25:35.629 [main] TRACE - Resolving type for handle ctcols627ctype
15:25:35.634 [main] TRACE - Resolving type for handle ctcola95ftype
15:25:35.649 [main] TRACE - Resolving type for handle cthyperlinks6416type
15:25:35.653 [main] TRACE - Resolving type for handle cthyperlink0c85type
15:25:35.664 [main] TRACE - Resolving type for handle stxstringf179type
15:25:35.668 [main] TRACE - Resolving type for handle stcelltypebf95type
15:25:45.161 [main] DEBUG - Parsing relationship: /xl/_rels/workbook.xml.rels
15:25:45.162 [main] DEBUG - Parsing relationship: /xl/worksheets/_rels/sheet1.xml.rels
15:25:45.162 [main] DEBUG - Parsing relationship: /xl/worksheets/_rels/sheet2.xml.rels
15:25:45.163 [main] DEBUG - Parsing relationship: /_rels/.rels
15:25:45.175 [main] DEBUG - using default POIXMLDocumentPart for http://schemas.openxmlformats.org/officeDocument/2006/relationships/printerSettings
15:33:50.999 [main] DEBUG - Parsing relationship: /xl/_rels/workbook.xml.rels
15:33:51.006 [main] DEBUG - Parsing relationship: /xl/worksheets/_rels/sheet1.xml.rels
15:33:51.008 [main] DEBUG - Parsing relationship: /xl/worksheets/_rels/sheet2.xml.rels
15:33:51.009 [main] DEBUG - Parsing relationship: /_rels/.rels
15:33:51.161 [main] TRACE - Loading type system org.apache.poi.schemas.ooxml.system.ooxml
15:33:51.163 [main] TRACE - Loading type system org.apache.xmlbeans.metadata.system.sXMLCONFIG
15:33:51.163 [main] TRACE - Loading type system org.apache.xmlbeans.metadata.system.sXMLLANG
15:33:51.163 [main] TRACE - Loading type system org.apache.xmlbeans.metadata.system.sXMLSCHEMA
15:33:51.163 [main] TRACE - Loading type system org.apache.xmlbeans.metadata.system.sXMLTOOLS
15:33:51.164 [main] TRACE - Reading unresolved handles for type system org.apache.xmlbeans.metadata.system.sXMLTOOLS
15:33:51.177 [main] TRACE - Finished loading type system org.apache.xmlbeans.metadata.system.sXMLTOOLS
15:33:51.178 [main] TRACE - Reading unresolved handles for type system org.apache.xmlbeans.metadata.system.sXMLSCHEMA
15:33:51.181 [main] TRACE - Finished loading type system org.apache.xmlbeans.metadata.system.sXMLSCHEMA
15:33:51.182 [main] TRACE - Reading unresolved handles for type system org.apache.xmlbeans.metadata.system.sXMLLANG
15:33:51.182 [main] TRACE - Finished loading type system org.apache.xmlbeans.metadata.system.sXMLLANG
15:33:51.183 [main] TRACE - Reading unresolved handles for type system org.apache.xmlbeans.metadata.system.sXMLCONFIG
15:33:51.184 [main] TRACE - Finished loading type system org.apache.xmlbeans.metadata.system.sXMLCONFIG
15:33:51.184 [main] TRACE - Reading unresolved handles for type system org.apache.poi.schemas.ooxml.system.ooxml
15:33:51.243 [main] TRACE - Finished loading type system org.apache.poi.schemas.ooxml.system.ooxml
15:33:51.244 [main] TRACE - Resolving type for handle themefd26doctype
15:33:51.287 [main] TRACE - Resolving type for handle stylesheet5d8bdoctype
15:33:51.293 [main] TRACE - Resolving type for handle ctstylesheet4257type
15:33:51.297 [main] TRACE - Resolving type for handle ctfonts6623type
15:33:51.299 [main] TRACE - Resolving type for handle ctfont14d8type
15:33:51.305 [main] TRACE - Resolving type for handle ctfills2c6ftype
15:33:51.307 [main] TRACE - Resolving type for handle ctfill550ctype
15:33:51.308 [main] TRACE - Resolving type for handle ctborders0d66type
15:33:51.310 [main] TRACE - Resolving type for handle ctborderf935type
15:33:51.312 [main] TRACE - Resolving type for handle ctcellxfs1322type
15:33:51.314 [main] TRACE - Resolving type for handle ctxf97f7type
15:33:51.319 [main] TRACE - Resolving type for handle ctcellstylexfsa81ftype
15:33:51.320 [main] TRACE - Resolving type for handle ctdxfsb26atype
15:33:51.321 [main] TRACE - Resolving type for handle cttablestyles872ftype
15:33:51.324 [main] TRACE - Resolving type for handle sstf81fdoctype
15:33:51.326 [main] TRACE - Resolving type for handle ctsst44f3type
15:33:51.333 [main] TRACE - Resolving type for handle ctrsta472type
15:33:51.349 [main] DEBUG - using default POIXMLDocumentPart for http://schemas.openxmlformats.org/officeDocument/2006/relationships/printerSettings
15:33:51.350 [main] TRACE - Resolving type for handle workbookec17doctype
15:33:51.355 [main] TRACE - Resolving type for handle ctworkbook83c3type
15:33:51.361 [main] TRACE - Resolving type for handle ctsheets49fdtype
15:33:51.363 [main] TRACE - Resolving type for handle ctsheet4dbetype
15:33:51.364 [main] TRACE - Resolving type for handle strelationshipid1e94type
15:33:51.366 [main] TRACE - Resolving type for handle worksheetf539doctype
15:33:51.370 [main] TRACE - Resolving type for handle ctworksheet530dtype
15:33:51.376 [main] TRACE - Resolving type for handle ctsheetdata8408type
15:33:51.378 [main] TRACE - Resolving type for handle ctrowdd39type
15:33:51.381 [main] TRACE - Resolving type for handle ctcell842btype
15:33:51.386 [main] TRACE - Resolving type for handle stcellrefe4e0type
15:33:51.391 [main] TRACE - Resolving type for handle ctcols627ctype
15:33:51.395 [main] TRACE - Resolving type for handle ctcola95ftype
15:33:51.407 [main] TRACE - Resolving type for handle cthyperlinks6416type
15:33:51.409 [main] TRACE - Resolving type for handle cthyperlink0c85type
15:33:51.419 [main] TRACE - Resolving type for handle stxstringf179type
15:33:51.421 [main] TRACE - Resolving type for handle stcelltypebf95type
15:34:00.377 [main] DEBUG - Parsing relationship: /xl/_rels/workbook.xml.rels
15:34:00.379 [main] DEBUG - Parsing relationship: /xl/worksheets/_rels/sheet1.xml.rels
15:34:00.380 [main] DEBUG - Parsing relationship: /xl/worksheets/_rels/sheet2.xml.rels
15:34:00.381 [main] DEBUG - Parsing relationship: /_rels/.rels
15:34:00.389 [main] DEBUG - using default POIXMLDocumentPart for http://schemas.openxmlformats.org/officeDocument/2006/relationships/printerSettings
15:37:26.046 [main] DEBUG - Parsing relationship: /xl/_rels/workbook.xml.rels
15:37:26.051 [main] DEBUG - Parsing relationship: /xl/worksheets/_rels/sheet1.xml.rels
15:37:26.052 [main] DEBUG - Parsing relationship: /xl/worksheets/_rels/sheet2.xml.rels
15:37:26.053 [main] DEBUG - Parsing relationship: /_rels/.rels
15:37:26.126 [main] TRACE - Loading type system org.apache.poi.schemas.ooxml.system.ooxml
15:37:26.128 [main] TRACE - Loading type system org.apache.xmlbeans.metadata.system.sXMLCONFIG
15:37:26.128 [main] TRACE - Loading type system org.apache.xmlbeans.metadata.system.sXMLLANG
15:37:26.128 [main] TRACE - Loading type system org.apache.xmlbeans.metadata.system.sXMLSCHEMA
15:37:26.128 [main] TRACE - Loading type system org.apache.xmlbeans.metadata.system.sXMLTOOLS
15:37:26.129 [main] TRACE - Reading unresolved handles for type system org.apache.xmlbeans.metadata.system.sXMLTOOLS
15:37:26.135 [main] TRACE - Finished loading type system org.apache.xmlbeans.metadata.system.sXMLTOOLS
15:37:26.135 [main] TRACE - Reading unresolved handles for type system org.apache.xmlbeans.metadata.system.sXMLSCHEMA
15:37:26.140 [main] TRACE - Finished loading type system org.apache.xmlbeans.metadata.system.sXMLSCHEMA
15:37:26.140 [main] TRACE - Reading unresolved handles for type system org.apache.xmlbeans.metadata.system.sXMLLANG
15:37:26.141 [main] TRACE - Finished loading type system org.apache.xmlbeans.metadata.system.sXMLLANG
15:37:26.141 [main] TRACE - Reading unresolved handles for type system org.apache.xmlbeans.metadata.system.sXMLCONFIG
15:37:26.142 [main] TRACE - Finished loading type system org.apache.xmlbeans.metadata.system.sXMLCONFIG
15:37:26.142 [main] TRACE - Reading unresolved handles for type system org.apache.poi.schemas.ooxml.system.ooxml
15:37:26.176 [main] TRACE - Finished loading type system org.apache.poi.schemas.ooxml.system.ooxml
15:37:26.176 [main] TRACE - Resolving type for handle themefd26doctype
15:37:26.211 [main] TRACE - Resolving type for handle stylesheet5d8bdoctype
15:37:26.213 [main] TRACE - Resolving type for handle ctstylesheet4257type
15:37:26.214 [main] TRACE - Resolving type for handle ctfonts6623type
15:37:26.217 [main] TRACE - Resolving type for handle ctfont14d8type
15:37:26.221 [main] TRACE - Resolving type for handle ctfills2c6ftype
15:37:26.222 [main] TRACE - Resolving type for handle ctfill550ctype
15:37:26.223 [main] TRACE - Resolving type for handle ctborders0d66type
15:37:26.224 [main] TRACE - Resolving type for handle ctborderf935type
15:37:26.226 [main] TRACE - Resolving type for handle ctcellxfs1322type
15:37:26.228 [main] TRACE - Resolving type for handle ctxf97f7type
15:37:26.229 [main] TRACE - Resolving type for handle ctcellstylexfsa81ftype
15:37:26.229 [main] TRACE - Resolving type for handle ctdxfsb26atype
15:37:26.231 [main] TRACE - Resolving type for handle cttablestyles872ftype
15:37:26.233 [main] TRACE - Resolving type for handle sstf81fdoctype
15:37:26.236 [main] TRACE - Resolving type for handle ctsst44f3type
15:37:26.241 [main] TRACE - Resolving type for handle ctrsta472type
15:37:26.255 [main] DEBUG - using default POIXMLDocumentPart for http://schemas.openxmlformats.org/officeDocument/2006/relationships/printerSettings
15:37:26.255 [main] TRACE - Resolving type for handle workbookec17doctype
15:37:26.258 [main] TRACE - Resolving type for handle ctworkbook83c3type
15:37:26.261 [main] TRACE - Resolving type for handle ctsheets49fdtype
15:37:26.262 [main] TRACE - Resolving type for handle ctsheet4dbetype
15:37:26.264 [main] TRACE - Resolving type for handle strelationshipid1e94type
